{"C:\\Users\\fatih\\Desktop\\tamga\\tamga\\dashboard\\app\\globals.css": {"path":"C:\\Users\\fatih\\Desktop\\tamga\\tamga\\dashboard\\app\\globals.css","statementMap":{},"fnMap":{},"branchMap":{},"s":{},"f":{},"b":{},"meta":{"lastBranch":0,"lastFunction":0,"lastStatement":0,"seen":{},"fnNames":{}}}
,"C:\\Users\\fatih\\Desktop\\tamga\\tamga\\dashboard\\app\\robots.ts": {"path":"C:\\Users\\fatih\\Desktop\\tamga\\tamga\\dashboard\\app\\robots.ts","statementMap":{"0":{"start":{"line":3,"column":17},"end":{"line":3,"column":null}},"1":{"start":{"line":6,"column":2},"end":{"line":12,"column":null}}},"fnMap":{"0":{"name":"robots","decl":{"start":{"line":5,"column":24},"end":{"line":5,"column":55}},"loc":{"start":{"line":5,"column":55},"end":{"line":13,"column":null}},"line":5}},"branchMap":{"0":{"loc":{"start":{"line":3,"column":17},"end":{"line":3,"column":null}},"type":"binary-expr","locations":[{"start":{"line":3,"column":17},"end":{"line":3,"column":53}},{"start":{"line":3,"column":53},"end":{"line":3,"column":null}}],"line":3}},"s":{"0":0,"1":0},"f":{"0":0},"b":{"0":[0,0]},"meta":{"lastBranch":1,"lastFunction":1,"lastStatement":2,"seen":{"s:3:17:3:Infinity":0,"b:3:17:3:53:3:53:3:Infinity":0,"f:5:24:5:55":0,"s:6:2:12:Infinity":1},"fnNames":{}}}
,"C:\\Users\\fatih\\Desktop\\tamga\\tamga\\dashboard\\app\\sitemap.ts": {"path":"C:\\Users\\fatih\\Desktop\\tamga\\tamga\\dashboard\\app\\sitemap.ts","statementMap":{"0":{"start":{"line":3,"column":17},"end":{"line":3,"column":null}},"1":{"start":{"line":6,"column":14},"end":{"line":6,"column":null}},"2":{"start":{"line":8,"column":122},"end":{"line":30,"column":null}},"3":{"start":{"line":32,"column":2},"end":{"line":37,"column":null}},"4":{"start":{"line":32,"column":62},"end":{"line":37,"column":4}}},"fnMap":{"0":{"name":"sitemap","decl":{"start":{"line":5,"column":24},"end":{"line":5,"column":57}},"loc":{"start":{"line":5,"column":57},"end":{"line":38,"column":null}},"line":5},"1":{"name":"(anonymous_1)","decl":{"start":{"line":32,"column":16},"end":{"line":32,"column":21}},"loc":{"start":{"line":32,"column":62},"end":{"line":37,"column":4}},"line":32}},"branchMap":{"0":{"loc":{"start":{"line":3,"column":17},"end":{"line":3,"column":null}},"type":"binary-expr","locations":[{"start":{"line":3,"column":17},"end":{"line":3,"column":53}},{"start":{"line":3,"column":53},"end":{"line":3,"column":null}}],"line":3}},"s":{"0":0,"1":0,"2":0,"3":0,"4":0},"f":{"0":0,"1":0},"b":{"0":[0,0]},"meta":{"lastBranch":1,"lastFunction":2,"lastStatement":5,"seen":{"s:3:17:3:Infinity":0,"b:3:17:3:53:3:53:3:Infinity":0,"f:5:24:5:57":0,"s:6:14:6:Infinity":1,"s:8:122:30:Infinity":2,"s:32:2:37:Infinity":3,"f:32:16:32:21":1,"s:32:62:37:4":4},"fnNames":{}}}
,"C:\\Users\\fatih\\Desktop\\tamga\\tamga\\dashboard\\app\\(dashboard)\\dashboard\\overviewConstants.ts": {"path":"C:\\Users\\fatih\\Desktop\\tamga\\tamga\\dashboard\\app\\(dashboard)\\dashboard\\overviewConstants.ts","statementMap":{"0":{"start":{"line":3,"column":33},"end":{"line":3,"column":null}},"1":{"start":{"line":6,"column":32},"end":{"line":13,"column":null}},"2":{"start":{"line":15,"column":40},"end":{"line":19,"column":null}}},"fnMap":{},"branchMap":{},"s":{"0":1,"1":1,"2":1},"f":{},"b":{},"meta":{"lastBranch":0,"lastFunction":0,"lastStatement":3,"seen":{"s:3:33:3:Infinity":0,"s:6:32:13:Infinity":1,"s:15:40:19:Infinity":2},"fnNames":{}}}
,"C:\\Users\\fatih\\Desktop\\tamga\\tamga\\dashboard\\app\\(dashboard)\\dashboard\\overviewHelpers.ts": {"path":"C:\\Users\\fatih\\Desktop\\tamga\\tamga\\dashboard\\app\\(dashboard)\\dashboard\\overviewHelpers.ts","statementMap":{"0":{"start":{"line":4,"column":15},"end":{"line":4,"column":null}},"1":{"start":{"line":5,"column":2},"end":{"line":5,"column":null}},"2":{"start":{"line":9,"column":2},"end":{"line":9,"column":null}},"3":{"start":{"line":9,"column":29},"end":{"line":9,"column":null}},"4":{"start":{"line":10,"column":2},"end":{"line":10,"column":null}},"5":{"start":{"line":14,"column":17},"end":{"line":14,"column":null}},"6":{"start":{"line":15,"column":2},"end":{"line":17,"column":null}},"7":{"start":{"line":16,"column":4},"end":{"line":16,"column":null}},"8":{"start":{"line":16,"column":37},"end":{"line":16,"column":null}},"9":{"start":{"line":18,"column":12},"end":{"line":18,"column":null}},"10":{"start":{"line":19,"column":2},"end":{"line":19,"column":null}},"11":{"start":{"line":23,"column":2},"end":{"line":23,"column":null}},"12":{"start":{"line":23,"column":12},"end":{"line":23,"column":null}},"13":{"start":{"line":24,"column":2},"end":{"line":27,"column":null}},"14":{"start":{"line":25,"column":29},"end":{"line":25,"column":45}},"15":{"start":{"line":26,"column":20},"end":{"line":26,"column":37}},"16":{"start":{"line":31,"column":2},"end":{"line":31,"column":null}},"17":{"start":{"line":31,"column":14},"end":{"line":31,"column":null}},"18":{"start":{"line":32,"column":15},"end":{"line":32,"column":null}},"19":{"start":{"line":33,"column":14},"end":{"line":33,"column":null}},"20":{"start":{"line":34,"column":2},"end":{"line":34,"column":null}},"21":{"start":{"line":34,"column":16},"end":{"line":34,"column":null}},"22":{"start":{"line":35,"column":14},"end":{"line":35,"column":null}},"23":{"start":{"line":36,"column":2},"end":{"line":36,"column":null}},"24":{"start":{"line":36,"column":16},"end":{"line":36,"column":null}},"25":{"start":{"line":37,"column":15},"end":{"line":37,"column":null}},"26":{"start":{"line":38,"column":2},"end":{"line":38,"column":null}},"27":{"start":{"line":38,"column":17},"end":{"line":38,"column":null}},"28":{"start":{"line":39,"column":14},"end":{"line":39,"column":null}},"29":{"start":{"line":40,"column":2},"end":{"line":40,"column":null}},"30":{"start":{"line":44,"column":68},"end":{"line":44,"column":null}},"31":{"start":{"line":45,"column":59},"end":{"line":45,"column":null}},"32":{"start":{"line":46,"column":2},"end":{"line":50,"column":null}},"33":{"start":{"line":47,"column":21},"end":{"line":47,"column":null}},"34":{"start":{"line":48,"column":4},"end":{"line":48,"column":null}},"35":{"start":{"line":49,"column":4},"end":{"line":49,"column":null}},"36":{"start":{"line":51,"column":2},"end":{"line":51,"column":null}}},"fnMap":{"0":{"name":"providerSliceKey","decl":{"start":{"line":3,"column":16},"end":{"line":3,"column":33}},"loc":{"start":{"line":3,"column":62},"end":{"line":6,"column":null}},"line":3},"1":{"name":"formatInt","decl":{"start":{"line":8,"column":16},"end":{"line":8,"column":26}},"loc":{"start":{"line":8,"column":49},"end":{"line":11,"column":null}},"line":8},"2":{"name":"buildIncidentsHref","decl":{"start":{"line":13,"column":16},"end":{"line":13,"column":35}},"loc":{"start":{"line":13,"column":78},"end":{"line":20,"column":null}},"line":13},"3":{"name":"mapToTopArray","decl":{"start":{"line":22,"column":16},"end":{"line":22,"column":30}},"loc":{"start":{"line":22,"column":82},"end":{"line":28,"column":null}},"line":22},"4":{"name":"(anonymous_4)","decl":{"start":{"line":25,"column":5},"end":{"line":25,"column":10}},"loc":{"start":{"line":25,"column":29},"end":{"line":25,"column":45}},"line":25},"5":{"name":"(anonymous_5)","decl":{"start":{"line":26,"column":5},"end":{"line":26,"column":11}},"loc":{"start":{"line":26,"column":20},"end":{"line":26,"column":37}},"line":26},"6":{"name":"relTime","decl":{"start":{"line":30,"column":16},"end":{"line":30,"column":24}},"loc":{"start":{"line":30,"column":40},"end":{"line":41,"column":null}},"line":30},"7":{"name":"buildProviderPie","decl":{"start":{"line":43,"column":16},"end":{"line":43,"column":33}},"loc":{"start":{"line":43,"column":82},"end":{"line":52,"column":null}},"line":43},"8":{"name":"(anonymous_8)","decl":{"start":{"line":46,"column":15},"end":{"line":46,"column":24}},"loc":{"start":{"line":46,"column":38},"end":{"line":50,"column":3}},"line":46}},"branchMap":{"0":{"loc":{"start":{"line":5,"column":12},"end":{"line":5,"column":24}},"type":"binary-expr","locations":[{"start":{"line":5,"column":12},"end":{"line":5,"column":20}},{"start":{"line":5,"column":20},"end":{"line":5,"column":24}}],"line":5},"1":{"loc":{"start":{"line":9,"column":2},"end":{"line":9,"column":null}},"type":"if","locations":[{"start":{"line":9,"column":2},"end":{"line":9,"column":null}},{"start":{},"end":{}}],"line":9},"2":{"loc":{"start":{"line":16,"column":4},"end":{"line":16,"column":null}},"type":"if","locations":[{"start":{"line":16,"column":4},"end":{"line":16,"column":null}},{"start":{},"end":{}}],"line":16},"3":{"loc":{"start":{"line":16,"column":8},"end":{"line":16,"column":37}},"type":"binary-expr","locations":[{"start":{"line":16,"column":8},"end":{"line":16,"column":27}},{"start":{"line":16,"column":27},"end":{"line":16,"column":37}}],"line":16},"4":{"loc":{"start":{"line":19,"column":9},"end":{"line":19,"column":null}},"type":"cond-expr","locations":[{"start":{"line":19,"column":13},"end":{"line":19,"column":42}},{"start":{"line":19,"column":42},"end":{"line":19,"column":null}}],"line":19},"5":{"loc":{"start":{"line":22,"column":71},"end":{"line":22,"column":82}},"type":"default-arg","locations":[{"start":{"line":22,"column":79},"end":{"line":22,"column":82}}],"line":22},"6":{"loc":{"start":{"line":23,"column":2},"end":{"line":23,"column":null}},"type":"if","locations":[{"start":{"line":23,"column":2},"end":{"line":23,"column":null}},{"start":{},"end":{}}],"line":23},"7":{"loc":{"start":{"line":31,"column":2},"end":{"line":31,"column":null}},"type":"if","locations":[{"start":{"line":31,"column":2},"end":{"line":31,"column":null}},{"start":{},"end":{}}],"line":31},"8":{"loc":{"start":{"line":34,"column":2},"end":{"line":34,"column":null}},"type":"if","locations":[{"start":{"line":34,"column":2},"end":{"line":34,"column":null}},{"start":{},"end":{}}],"line":34},"9":{"loc":{"start":{"line":36,"column":2},"end":{"line":36,"column":null}},"type":"if","locations":[{"start":{"line":36,"column":2},"end":{"line":36,"column":null}},{"start":{},"end":{}}],"line":36},"10":{"loc":{"start":{"line":38,"column":2},"end":{"line":38,"column":null}},"type":"if","locations":[{"start":{"line":38,"column":2},"end":{"line":38,"column":null}},{"start":{},"end":{}}],"line":38}},"s":{"0":5,"1":5,"2":4,"3":1,"4":3,"5":4,"6":4,"7":6,"8":4,"9":4,"10":4,"11":4,"12":1,"13":3,"14":17,"15":31,"16":6,"17":2,"18":4,"19":4,"20":4,"21":1,"22":3,"23":3,"24":1,"25":2,"26":2,"27":2,"28":1,"29":1,"30":2,"31":2,"32":2,"33":2,"34":2,"35":2,"36":2},"f":{"0":5,"1":4,"2":4,"3":4,"4":17,"5":31,"6":6,"7":2,"8":2},"b":{"0":[5,0],"1":[1,3],"2":[4,2],"3":[6,5],"4":[3,1],"5":[4],"6":[1,3],"7":[2,4],"8":[1,3],"9":[1,2],"10":[1,1]},"meta":{"lastBranch":11,"lastFunction":9,"lastStatement":37,"seen":{"f:3:16:3:33":0,"s:4:15:4:Infinity":0,"s:5:2:5:Infinity":1,"b:5:12:5:20:5:20:5:24":0,"f:8:16:8:26":1,"b:9:2:9:Infinity:undefined:undefined:undefined:undefined":1,"s:9:2:9:Infinity":2,"s:9:29:9:Infinity":3,"s:10:2:10:Infinity":4,"f:13:16:13:35":2,"s:14:17:14:Infinity":5,"s:15:2:17:Infinity":6,"b:16:4:16:Infinity:undefined:undefined:undefined:undefined":2,"s:16:4:16:Infinity":7,"b:16:8:16:27:16:27:16:37":3,"s:16:37:16:Infinity":8,"s:18:12:18:Infinity":9,"s:19:2:19:Infinity":10,"b:19:13:19:42:19:42:19:Infinity":4,"f:22:16:22:30":3,"b:22:79:22:82":5,"b:23:2:23:Infinity:undefined:undefined:undefined:undefined":6,"s:23:2:23:Infinity":11,"s:23:12:23:Infinity":12,"s:24:2:27:Infinity":13,"f:25:5:25:10":4,"s:25:29:25:45":14,"f:26:5:26:11":5,"s:26:20:26:37":15,"f:30:16:30:24":6,"b:31:2:31:Infinity:undefined:undefined:undefined:undefined":7,"s:31:2:31:Infinity":16,"s:31:14:31:Infinity":17,"s:32:15:32:Infinity":18,"s:33:14:33:Infinity":19,"b:34:2:34:Infinity:undefined:undefined:undefined:undefined":8,"s:34:2:34:Infinity":20,"s:34:16:34:Infinity":21,"s:35:14:35:Infinity":22,"b:36:2:36:Infinity:undefined:undefined:undefined:undefined":9,"s:36:2:36:Infinity":23,"s:36:16:36:Infinity":24,"s:37:15:37:Infinity":25,"b:38:2:38:Infinity:undefined:undefined:undefined:undefined":10,"s:38:2:38:Infinity":26,"s:38:17:38:Infinity":27,"s:39:14:39:Infinity":28,"s:40:2:40:Infinity":29,"f:43:16:43:33":7,"s:44:68:44:Infinity":30,"s:45:59:45:Infinity":31,"s:46:2:50:Infinity":32,"f:46:15:46:24":8,"s:47:21:47:Infinity":33,"s:48:4:48:Infinity":34,"s:49:4:49:Infinity":35,"s:51:2:51:Infinity":36},"fnNames":{}}}
,"C:\\Users\\fatih\\Desktop\\tamga\\tamga\\dashboard\\app\\(dashboard)\\dashboard\\useOverviewDerived.ts": {"path":"C:\\Users\\fatih\\Desktop\\tamga\\tamga\\dashboard\\app\\(dashboard)\\dashboard\\useOverviewDerived.ts","statementMap":{"0":{"start":{"line":1,"column":0},"end":{"line":1,"column":null}},"1":{"start":{"line":16,"column":8},"end":{"line":19,"column":null}},"2":{"start":{"line":17,"column":17},"end":{"line":17,"column":null}},"3":{"start":{"line":18,"column":4},"end":{"line":18,"column":null}},"4":{"start":{"line":18,"column":45},"end":{"line":18,"column":117}},"5":{"start":{"line":21,"column":8},"end":{"line":21,"column":null}},"6":{"start":{"line":21,"column":23},"end":{"line":21,"column":77}},"7":{"start":{"line":22,"column":8},"end":{"line":22,"column":null}},"8":{"start":{"line":22,"column":26},"end":{"line":22,"column":84}},"9":{"start":{"line":24,"column":27},"end":{"line":24,"column":null}},"10":{"start":{"line":24,"column":49},"end":{"line":24,"column":95}},"11":{"start":{"line":26,"column":8},"end":{"line":63,"column":null}},"12":{"start":{"line":27,"column":19},"end":{"line":27,"column":null}},"13":{"start":{"line":28,"column":4},"end":{"line":54,"column":null}},"14":{"start":{"line":29,"column":19},"end":{"line":29,"column":null}},"15":{"start":{"line":30,"column":26},"end":{"line":30,"column":null}},"16":{"start":{"line":31,"column":21},"end":{"line":41,"column":null}},"17":{"start":{"line":32,"column":19},"end":{"line":32,"column":null}},"18":{"start":{"line":33,"column":8},"end":{"line":33,"column":null}},"19":{"start":{"line":34,"column":8},"end":{"line":40,"column":null}},"20":{"start":{"line":42,"column":19},"end":{"line":42,"column":null}},"21":{"start":{"line":42,"column":38},"end":{"line":42,"column":100}},"22":{"start":{"line":43,"column":23},"end":{"line":43,"column":null}},"23":{"start":{"line":43,"column":47},"end":{"line":43,"column":70}},"24":{"start":{"line":44,"column":6},"end":{"line":52,"column":null}},"25":{"start":{"line":45,"column":8},"end":{"line":45,"column":null}},"26":{"start":{"line":45,"column":26},"end":{"line":45,"column":null}},"27":{"start":{"line":46,"column":20},"end":{"line":46,"column":null}},"28":{"start":{"line":47,"column":21},"end":{"line":47,"column":null}},"29":{"start":{"line":48,"column":8},"end":{"line":48,"column":null}},"30":{"start":{"line":48,"column":19},"end":{"line":48,"column":null}},"31":{"start":{"line":49,"column":8},"end":{"line":49,"column":null}},"32":{"start":{"line":50,"column":8},"end":{"line":50,"column":null}},"33":{"start":{"line":50,"column":51},"end":{"line":50,"column":null}},"34":{"start":{"line":51,"column":8},"end":{"line":51,"column":null}},"35":{"start":{"line":51,"column":52},"end":{"line":51,"column":null}},"36":{"start":{"line":53,"column":6},"end":{"line":53,"column":null}},"37":{"start":{"line":55,"column":4},"end":{"line":62,"column":null}},"38":{"start":{"line":56,"column":17},"end":{"line":56,"column":null}},"39":{"start":{"line":58,"column":8},"end":{"line":60,"column":null}},"40":{"start":{"line":61,"column":6},"end":{"line":61,"column":null}},"41":{"start":{"line":65,"column":8},"end":{"line":85,"column":null}},"42":{"start":{"line":66,"column":16},"end":{"line":66,"column":null}},"43":{"start":{"line":67,"column":10},"end":{"line":67,"column":null}},"44":{"start":{"line":67,"column":81},"end":{"line":67,"column":null}},"45":{"start":{"line":67,"column":96},"end":{"line":67,"column":100}},"46":{"start":{"line":68,"column":10},"end":{"line":74,"column":null}},"47":{"start":{"line":69,"column":6},"end":{"line":69,"column":null}},"48":{"start":{"line":69,"column":31},"end":{"line":69,"column":null}},"49":{"start":{"line":70,"column":19},"end":{"line":70,"column":null}},"50":{"start":{"line":71,"column":19},"end":{"line":71,"column":null}},"51":{"start":{"line":71,"column":58},"end":{"line":71,"column":65}},"52":{"start":{"line":72,"column":18},"end":{"line":72,"column":null}},"53":{"start":{"line":72,"column":54},"end":{"line":72,"column":61}},"54":{"start":{"line":73,"column":6},"end":{"line":73,"column":null}},"55":{"start":{"line":75,"column":18},"end":{"line":75,"column":null}},"56":{"start":{"line":76,"column":20},"end":{"line":76,"column":null}},"57":{"start":{"line":77,"column":21},"end":{"line":77,"column":null}},"58":{"start":{"line":78,"column":20},"end":{"line":78,"column":null}},"59":{"start":{"line":79,"column":4},"end":{"line":84,"column":null}},"60":{"start":{"line":87,"column":8},"end":{"line":97,"column":null}},"61":{"start":{"line":88,"column":14},"end":{"line":88,"column":null}},"62":{"start":{"line":89,"column":4},"end":{"line":96,"column":null}},"63":{"start":{"line":99,"column":23},"end":{"line":99,"column":null}},"64":{"start":{"line":101,"column":24},"end":{"line":101,"column":null}},"65":{"start":{"line":103,"column":8},"end":{"line":111,"column":null}},"66":{"start":{"line":104,"column":17},"end":{"line":107,"column":null}},"67":{"start":{"line":105,"column":18},"end":{"line":105,"column":40}},"68":{"start":{"line":106,"column":21},"end":{"line":106,"column":48}},"69":{"start":{"line":107,"column":22},"end":{"line":107,"column":27}},"70":{"start":{"line":108,"column":4},"end":{"line":108,"column":null}},"71":{"start":{"line":108,"column":27},"end":{"line":108,"column":null}},"72":{"start":{"line":109,"column":16},"end":{"line":109,"column":null}},"73":{"start":{"line":110,"column":4},"end":{"line":110,"column":null}},"74":{"start":{"line":113,"column":8},"end":{"line":119,"column":null}},"75":{"start":{"line":114,"column":20},"end":{"line":114,"column":null}},"76":{"start":{"line":115,"column":4},"end":{"line":118,"column":null}},"77":{"start":{"line":116,"column":12},"end":{"line":116,"column":null}},"78":{"start":{"line":117,"column":6},"end":{"line":117,"column":null}},"79":{"start":{"line":121,"column":8},"end":{"line":124,"column":null}},"80":{"start":{"line":122,"column":4},"end":{"line":122,"column":null}},"81":{"start":{"line":122,"column":29},"end":{"line":122,"column":null}},"82":{"start":{"line":123,"column":4},"end":{"line":123,"column":null}},"83":{"start":{"line":126,"column":8},"end":{"line":138,"column":null}},"84":{"start":{"line":127,"column":14},"end":{"line":127,"column":null}},"85":{"start":{"line":128,"column":4},"end":{"line":137,"column":null}},"86":{"start":{"line":140,"column":2},"end":{"line":155,"column":null}}},"fnMap":{"0":{"name":"useOverviewDerived","decl":{"start":{"line":10,"column":16},"end":{"line":10,"column":null}},"loc":{"start":{"line":15,"column":2},"end":{"line":156,"column":null}},"line":15},"1":{"name":"(anonymous_1)","decl":{"start":{"line":16,"column":17},"end":{"line":16,"column":31}},"loc":{"start":{"line":16,"column":31},"end":{"line":19,"column":5}},"line":16},"2":{"name":"(anonymous_2)","decl":{"start":{"line":18,"column":16},"end":{"line":18,"column":24}},"loc":{"start":{"line":18,"column":45},"end":{"line":18,"column":117}},"line":18},"3":{"name":"(anonymous_3)","decl":{"start":{"line":21,"column":23},"end":{"line":21,"column":37}},"loc":{"start":{"line":21,"column":23},"end":{"line":21,"column":77}},"line":21},"4":{"name":"(anonymous_4)","decl":{"start":{"line":22,"column":26},"end":{"line":22,"column":40}},"loc":{"start":{"line":22,"column":26},"end":{"line":22,"column":84}},"line":22},"5":{"name":"(anonymous_5)","decl":{"start":{"line":24,"column":49},"end":{"line":24,"column":63}},"loc":{"start":{"line":24,"column":49},"end":{"line":24,"column":95}},"line":24},"6":{"name":"(anonymous_6)","decl":{"start":{"line":26,"column":23},"end":{"line":26,"column":37}},"loc":{"start":{"line":26,"column":37},"end":{"line":63,"column":5}},"line":26},"7":{"name":"(anonymous_7)","decl":{"start":{"line":31,"column":50},"end":{"line":31,"column":55}},"loc":{"start":{"line":31,"column":64},"end":{"line":41,"column":7}},"line":31},"8":{"name":"(anonymous_8)","decl":{"start":{"line":42,"column":26},"end":{"line":42,"column":31}},"loc":{"start":{"line":42,"column":38},"end":{"line":42,"column":100}},"line":42},"9":{"name":"(anonymous_9)","decl":{"start":{"line":43,"column":36},"end":{"line":43,"column":41}},"loc":{"start":{"line":43,"column":47},"end":{"line":43,"column":70}},"line":43},"10":{"name":"(anonymous_10)","decl":{"start":{"line":55,"column":18},"end":{"line":55,"column":23}},"loc":{"start":{"line":55,"column":29},"end":{"line":62,"column":5}},"line":55},"11":{"name":"(anonymous_11)","decl":{"start":{"line":65,"column":20},"end":{"line":65,"column":34}},"loc":{"start":{"line":65,"column":34},"end":{"line":85,"column":5}},"line":65},"12":{"name":"(anonymous_12)","decl":{"start":{"line":67,"column":10},"end":{"line":67,"column":17}},"loc":{"start":{"line":67,"column":81},"end":{"line":67,"column":null}},"line":67},"13":{"name":"(anonymous_13)","decl":{"start":{"line":67,"column":85},"end":{"line":67,"column":90}},"loc":{"start":{"line":67,"column":96},"end":{"line":67,"column":100}},"line":67},"14":{"name":"(anonymous_14)","decl":{"start":{"line":68,"column":10},"end":{"line":68,"column":24}},"loc":{"start":{"line":68,"column":98},"end":{"line":74,"column":null}},"line":68},"15":{"name":"(anonymous_15)","decl":{"start":{"line":71,"column":41},"end":{"line":71,"column":49}},"loc":{"start":{"line":71,"column":58},"end":{"line":71,"column":65}},"line":71},"16":{"name":"(anonymous_16)","decl":{"start":{"line":72,"column":37},"end":{"line":72,"column":45}},"loc":{"start":{"line":72,"column":54},"end":{"line":72,"column":61}},"line":72},"17":{"name":"(anonymous_17)","decl":{"start":{"line":87,"column":17},"end":{"line":87,"column":31}},"loc":{"start":{"line":87,"column":31},"end":{"line":97,"column":5}},"line":87},"18":{"name":"(anonymous_18)","decl":{"start":{"line":103,"column":23},"end":{"line":103,"column":37}},"loc":{"start":{"line":103,"column":37},"end":{"line":111,"column":5}},"line":103},"19":{"name":"(anonymous_19)","decl":{"start":{"line":105,"column":7},"end":{"line":105,"column":12}},"loc":{"start":{"line":105,"column":18},"end":{"line":105,"column":40}},"line":105},"20":{"name":"(anonymous_20)","decl":{"start":{"line":106,"column":7},"end":{"line":106,"column":15}},"loc":{"start":{"line":106,"column":21},"end":{"line":106,"column":48}},"line":106},"21":{"name":"(anonymous_21)","decl":{"start":{"line":107,"column":7},"end":{"line":107,"column":13}},"loc":{"start":{"line":107,"column":22},"end":{"line":107,"column":27}},"line":107},"22":{"name":"(anonymous_22)","decl":{"start":{"line":113,"column":27},"end":{"line":113,"column":41}},"loc":{"start":{"line":113,"column":41},"end":{"line":119,"column":5}},"line":113},"23":{"name":"(anonymous_23)","decl":{"start":{"line":115,"column":18},"end":{"line":115,"column":26}},"loc":{"start":{"line":115,"column":32},"end":{"line":118,"column":5}},"line":115},"24":{"name":"(anonymous_24)","decl":{"start":{"line":121,"column":20},"end":{"line":121,"column":34}},"loc":{"start":{"line":121,"column":34},"end":{"line":124,"column":5}},"line":121},"25":{"name":"(anonymous_25)","decl":{"start":{"line":126,"column":25},"end":{"line":126,"column":39}},"loc":{"start":{"line":126,"column":39},"end":{"line":138,"column":5}},"line":126}},"branchMap":{"0":{"loc":{"start":{"line":17,"column":17},"end":{"line":17,"column":null}},"type":"binary-expr","locations":[{"start":{"line":17,"column":17},"end":{"line":17,"column":39}},{"start":{"line":17,"column":39},"end":{"line":17,"column":null}}],"line":17},"1":{"loc":{"start":{"line":18,"column":45},"end":{"line":18,"column":117}},"type":"binary-expr","locations":[{"start":{"line":18,"column":45},"end":{"line":18,"column":83}},{"start":{"line":18,"column":83},"end":{"line":18,"column":117}}],"line":18},"2":{"loc":{"start":{"line":27,"column":19},"end":{"line":27,"column":null}},"type":"binary-expr","locations":[{"start":{"line":27,"column":19},"end":{"line":27,"column":41}},{"start":{"line":27,"column":41},"end":{"line":27,"column":null}}],"line":27},"3":{"loc":{"start":{"line":28,"column":4},"end":{"line":54,"column":null}},"type":"if","locations":[{"start":{"line":28,"column":4},"end":{"line":54,"column":null}},{"start":{},"end":{}}],"line":28},"4":{"loc":{"start":{"line":29,"column":19},"end":{"line":29,"column":null}},"type":"cond-expr","locations":[{"start":{"line":29,"column":37},"end":{"line":29,"column":42}},{"start":{"line":29,"column":42},"end":{"line":29,"column":null}}],"line":29},"5":{"loc":{"start":{"line":29,"column":42},"end":{"line":29,"column":null}},"type":"cond-expr","locations":[{"start":{"line":29,"column":60},"end":{"line":29,"column":65}},{"start":{"line":29,"column":65},"end":{"line":29,"column":null}}],"line":29},"6":{"loc":{"start":{"line":30,"column":26},"end":{"line":30,"column":null}},"type":"cond-expr","locations":[{"start":{"line":30,"column":44},"end":{"line":30,"column":48}},{"start":{"line":30,"column":48},"end":{"line":30,"column":null}}],"line":30},"7":{"loc":{"start":{"line":37,"column":12},"end":{"line":39,"column":null}},"type":"cond-expr","locations":[{"start":{"line":38,"column":16},"end":{"line":38,"column":null}},{"start":{"line":39,"column":16},"end":{"line":39,"column":null}}],"line":37},"8":{"loc":{"start":{"line":39,"column":72},"end":{"line":39,"column":105}},"type":"cond-expr","locations":[{"start":{"line":39,"column":83},"end":{"line":39,"column":95}},{"start":{"line":39,"column":95},"end":{"line":39,"column":105}}],"line":39},"9":{"loc":{"start":{"line":45,"column":8},"end":{"line":45,"column":null}},"type":"if","locations":[{"start":{"line":45,"column":8},"end":{"line":45,"column":null}},{"start":{},"end":{}}],"line":45},"10":{"loc":{"start":{"line":48,"column":8},"end":{"line":48,"column":null}},"type":"if","locations":[{"start":{"line":48,"column":8},"end":{"line":48,"column":null}},{"start":{},"end":{}}],"line":48},"11":{"loc":{"start":{"line":50,"column":8},"end":{"line":50,"column":null}},"type":"if","locations":[{"start":{"line":50,"column":8},"end":{"line":50,"column":null}},{"start":{},"end":{}}],"line":50},"12":{"loc":{"start":{"line":50,"column":22},"end":{"line":50,"column":36}},"type":"binary-expr","locations":[{"start":{"line":50,"column":22},"end":{"line":50,"column":34}},{"start":{"line":50,"column":34},"end":{"line":50,"column":36}}],"line":50},"13":{"loc":{"start":{"line":51,"column":8},"end":{"line":51,"column":null}},"type":"if","locations":[{"start":{"line":51,"column":8},"end":{"line":51,"column":null}},{"start":{},"end":{}}],"line":51},"14":{"loc":{"start":{"line":51,"column":22},"end":{"line":51,"column":36}},"type":"binary-expr","locations":[{"start":{"line":51,"column":22},"end":{"line":51,"column":34}},{"start":{"line":51,"column":34},"end":{"line":51,"column":36}}],"line":51},"15":{"loc":{"start":{"line":58,"column":8},"end":{"line":60,"column":null}},"type":"cond-expr","locations":[{"start":{"line":59,"column":12},"end":{"line":59,"column":null}},{"start":{"line":60,"column":12},"end":{"line":60,"column":null}}],"line":58},"16":{"loc":{"start":{"line":60,"column":68},"end":{"line":60,"column":108}},"type":"cond-expr","locations":[{"start":{"line":60,"column":86},"end":{"line":60,"column":98}},{"start":{"line":60,"column":98},"end":{"line":60,"column":108}}],"line":60},"17":{"loc":{"start":{"line":66,"column":16},"end":{"line":66,"column":null}},"type":"binary-expr","locations":[{"start":{"line":66,"column":16},"end":{"line":66,"column":38}},{"start":{"line":66,"column":38},"end":{"line":66,"column":null}}],"line":66},"18":{"loc":{"start":{"line":69,"column":6},"end":{"line":69,"column":null}},"type":"if","locations":[{"start":{"line":69,"column":6},"end":{"line":69,"column":null}},{"start":{},"end":{}}],"line":69},"19":{"loc":{"start":{"line":70,"column":19},"end":{"line":70,"column":null}},"type":"binary-expr","locations":[{"start":{"line":70,"column":19},"end":{"line":70,"column":52}},{"start":{"line":70,"column":52},"end":{"line":70,"column":null}}],"line":70},"20":{"loc":{"start":{"line":90,"column":13},"end":{"line":90,"column":null}},"type":"binary-expr","locations":[{"start":{"line":90,"column":13},"end":{"line":90,"column":34}},{"start":{"line":90,"column":34},"end":{"line":90,"column":null}}],"line":90},"21":{"loc":{"start":{"line":91,"column":15},"end":{"line":91,"column":null}},"type":"binary-expr","locations":[{"start":{"line":91,"column":15},"end":{"line":91,"column":38}},{"start":{"line":91,"column":38},"end":{"line":91,"column":null}}],"line":91},"22":{"loc":{"start":{"line":92,"column":16},"end":{"line":92,"column":null}},"type":"binary-expr","locations":[{"start":{"line":92,"column":16},"end":{"line":92,"column":40}},{"start":{"line":92,"column":40},"end":{"line":92,"column":null}}],"line":92},"23":{"loc":{"start":{"line":93,"column":14},"end":{"line":93,"column":null}},"type":"binary-expr","locations":[{"start":{"line":93,"column":14},"end":{"line":93,"column":36}},{"start":{"line":93,"column":36},"end":{"line":93,"column":null}}],"line":93},"24":{"loc":{"start":{"line":95,"column":23},"end":{"line":95,"column":null}},"type":"binary-expr","locations":[{"start":{"line":95,"column":23},"end":{"line":95,"column":48}},{"start":{"line":95,"column":48},"end":{"line":95,"column":null}}],"line":95},"25":{"loc":{"start":{"line":105,"column":18},"end":{"line":105,"column":40}},"type":"binary-expr","locations":[{"start":{"line":105,"column":18},"end":{"line":105,"column":39}},{"start":{"line":105,"column":39},"end":{"line":105,"column":40}}],"line":105},"26":{"loc":{"start":{"line":106,"column":21},"end":{"line":106,"column":48}},"type":"binary-expr","locations":[{"start":{"line":106,"column":21},"end":{"line":106,"column":43}},{"start":{"line":106,"column":43},"end":{"line":106,"column":48}}],"line":106},"27":{"loc":{"start":{"line":108,"column":4},"end":{"line":108,"column":null}},"type":"if","locations":[{"start":{"line":108,"column":4},"end":{"line":108,"column":null}},{"start":{},"end":{}}],"line":108},"28":{"loc":{"start":{"line":116,"column":26},"end":{"line":116,"column":42}},"type":"binary-expr","locations":[{"start":{"line":116,"column":26},"end":{"line":116,"column":40}},{"start":{"line":116,"column":40},"end":{"line":116,"column":42}}],"line":116},"29":{"loc":{"start":{"line":117,"column":13},"end":{"line":117,"column":null}},"type":"binary-expr","locations":[{"start":{"line":117,"column":13},"end":{"line":117,"column":18}},{"start":{"line":117,"column":18},"end":{"line":117,"column":null}}],"line":117},"30":{"loc":{"start":{"line":122,"column":4},"end":{"line":122,"column":null}},"type":"if","locations":[{"start":{"line":122,"column":4},"end":{"line":122,"column":null}},{"start":{},"end":{}}],"line":122}},"s":{"0":0,"1":0,"2":0,"3":0,"4":0,"5":0,"6":0,"7":0,"8":0,"9":0,"10":0,"11":0,"12":0,"13":0,"14":0,"15":0,"16":0,"17":0,"18":0,"19":0,"20":0,"21":0,"22":0,"23":0,"24":0,"25":0,"26":0,"27":0,"28":0,"29":0,"30":0,"31":0,"32":0,"33":0,"34":0,"35":0,"36":0,"37":0,"38":0,"39":0,"40":0,"41":0,"42":0,"43":0,"44":0,"45":0,"46":0,"47":0,"48":0,"49":0,"50":0,"51":0,"52":0,"53":0,"54":0,"55":0,"56":0,"57":0,"58":0,"59":0,"60":0,"61":0,"62":0,"63":0,"64":0,"65":0,"66":0,"67":0,"68":0,"69":0,"70":0,"71":0,"72":0,"73":0,"74":0,"75":0,"76":0,"77":0,"78":0,"79":0,"80":0,"81":0,"82":0,"83":0,"84":0,"85":0,"86":0},"f":{"0":0,"1":0,"2":0,"3":0,"4":0,"5":0,"6":0,"7":0,"8":0,"9":0,"10":0,"11":0,"12":0,"13":0,"14":0,"15":0,"16":0,"17":0,"18":0,"19":0,"20":0,"21":0,"22":0,"23":0,"24":0,"25":0},"b":{"0":[0,0],"1":[0,0],"2":[0,0],"3":[0,0],"4":[0,0],"5":[0,0],"6":[0,0],"7":[0,0],"8":[0,0],"9":[0,0],"10":[0,0],"11":[0,0],"12":[0,0],"13":[0,0],"14":[0,0],"15":[0,0],"16":[0,0],"17":[0,0],"18":[0,0],"19":[0,0],"20":[0,0],"21":[0,0],"22":[0,0],"23":[0,0],"24":[0,0],"25":[0,0],"26":[0,0],"27":[0,0],"28":[0,0],"29":[0,0],"30":[0,0]},"meta":{"lastBranch":31,"lastFunction":26,"lastStatement":87,"seen":{"s:1:0:1:Infinity":0,"f:10:16:10:Infinity":0,"s:16:8:19:Infinity":1,"f:16:17:16:31":1,"s:17:17:17:Infinity":2,"b:17:17:17:39:17:39:17:Infinity":0,"s:18:4:18:Infinity":3,"f:18:16:18:24":2,"s:18:45:18:117":4,"b:18:45:18:83:18:83:18:117":1,"s:21:8:21:Infinity":5,"f:21:23:21:37":3,"s:21:23:21:77":6,"s:22:8:22:Infinity":7,"f:22:26:22:40":4,"s:22:26:22:84":8,"s:24:27:24:Infinity":9,"f:24:49:24:63":5,"s:24:49:24:95":10,"s:26:8:63:Infinity":11,"f:26:23:26:37":6,"s:27:19:27:Infinity":12,"b:27:19:27:41:27:41:27:Infinity":2,"b:28:4:54:Infinity:undefined:undefined:undefined:undefined":3,"s:28:4:54:Infinity":13,"s:29:19:29:Infinity":14,"b:29:37:29:42:29:42:29:Infinity":4,"b:29:60:29:65:29:65:29:Infinity":5,"s:30:26:30:Infinity":15,"b:30:44:30:48:30:48:30:Infinity":6,"s:31:21:41:Infinity":16,"f:31:50:31:55":7,"s:32:19:32:Infinity":17,"s:33:8:33:Infinity":18,"s:34:8:40:Infinity":19,"b:38:16:38:Infinity:39:16:39:Infinity":7,"b:39:83:39:95:39:95:39:105":8,"s:42:19:42:Infinity":20,"f:42:26:42:31":8,"s:42:38:42:100":21,"s:43:23:43:Infinity":22,"f:43:36:43:41":9,"s:43:47:43:70":23,"s:44:6:52:Infinity":24,"b:45:8:45:Infinity:undefined:undefined:undefined:undefined":9,"s:45:8:45:Infinity":25,"s:45:26:45:Infinity":26,"s:46:20:46:Infinity":27,"s:47:21:47:Infinity":28,"b:48:8:48:Infinity:undefined:undefined:undefined:undefined":10,"s:48:8:48:Infinity":29,"s:48:19:48:Infinity":30,"s:49:8:49:Infinity":31,"b:50:8:50:Infinity:undefined:undefined:undefined:undefined":11,"s:50:8:50:Infinity":32,"b:50:22:50:34:50:34:50:36":12,"s:50:51:50:Infinity":33,"b:51:8:51:Infinity:undefined:undefined:undefined:undefined":13,"s:51:8:51:Infinity":34,"b:51:22:51:34:51:34:51:36":14,"s:51:52:51:Infinity":35,"s:53:6:53:Infinity":36,"s:55:4:62:Infinity":37,"f:55:18:55:23":10,"s:56:17:56:Infinity":38,"s:58:8:60:Infinity":39,"b:59:12:59:Infinity:60:12:60:Infinity":15,"b:60:86:60:98:60:98:60:108":16,"s:61:6:61:Infinity":40,"s:65:8:85:Infinity":41,"f:65:20:65:34":11,"s:66:16:66:Infinity":42,"b:66:16:66:38:66:38:66:Infinity":17,"s:67:10:67:Infinity":43,"f:67:10:67:17":12,"s:67:81:67:Infinity":44,"f:67:85:67:90":13,"s:67:96:67:100":45,"s:68:10:74:Infinity":46,"f:68:10:68:24":14,"b:69:6:69:Infinity:undefined:undefined:undefined:undefined":18,"s:69:6:69:Infinity":47,"s:69:31:69:Infinity":48,"s:70:19:70:Infinity":49,"b:70:19:70:52:70:52:70:Infinity":19,"s:71:19:71:Infinity":50,"f:71:41:71:49":15,"s:71:58:71:65":51,"s:72:18:72:Infinity":52,"f:72:37:72:45":16,"s:72:54:72:61":53,"s:73:6:73:Infinity":54,"s:75:18:75:Infinity":55,"s:76:20:76:Infinity":56,"s:77:21:77:Infinity":57,"s:78:20:78:Infinity":58,"s:79:4:84:Infinity":59,"s:87:8:97:Infinity":60,"f:87:17:87:31":17,"s:88:14:88:Infinity":61,"s:89:4:96:Infinity":62,"b:90:13:90:34:90:34:90:Infinity":20,"b:91:15:91:38:91:38:91:Infinity":21,"b:92:16:92:40:92:40:92:Infinity":22,"b:93:14:93:36:93:36:93:Infinity":23,"b:95:23:95:48:95:48:95:Infinity":24,"s:99:23:99:Infinity":63,"s:101:24:101:Infinity":64,"s:103:8:111:Infinity":65,"f:103:23:103:37":18,"s:104:17:107:Infinity":66,"f:105:7:105:12":19,"s:105:18:105:40":67,"b:105:18:105:39:105:39:105:40":25,"f:106:7:106:15":20,"s:106:21:106:48":68,"b:106:21:106:43:106:43:106:48":26,"f:107:7:107:13":21,"s:107:22:107:27":69,"b:108:4:108:Infinity:undefined:undefined:undefined:undefined":27,"s:108:4:108:Infinity":70,"s:108:27:108:Infinity":71,"s:109:16:109:Infinity":72,"s:110:4:110:Infinity":73,"s:113:8:119:Infinity":74,"f:113:27:113:41":22,"s:114:20:114:Infinity":75,"s:115:4:118:Infinity":76,"f:115:18:115:26":23,"s:116:12:116:Infinity":77,"b:116:26:116:40:116:40:116:42":28,"s:117:6:117:Infinity":78,"b:117:13:117:18:117:18:117:Infinity":29,"s:121:8:124:Infinity":79,"f:121:20:121:34":24,"b:122:4:122:Infinity:undefined:undefined:undefined:undefined":30,"s:122:4:122:Infinity":80,"s:122:29:122:Infinity":81,"s:123:4:123:Infinity":82,"s:126:8:138:Infinity":83,"f:126:25:126:39":25,"s:127:14:127:Infinity":84,"s:128:4:137:Infinity":85,"s:140:2:155:Infinity":86},"fnNames":{}}}
,"C:\\Users\\fatih\\Desktop\\tamga\\tamga\\dashboard\\app\\(dashboard)\\dashboard\\useOverviewPage.ts": {"path":"C:\\Users\\fatih\\Desktop\\tamga\\tamga\\dashboard\\app\\(dashboard)\\dashboard\\useOverviewPage.ts","statementMap":{"0":{"start":{"line":1,"column":0},"end":{"line":1,"column":null}},"1":{"start":{"line":13,"column":8},"end":{"line":13,"column":null}},"2":{"start":{"line":14,"column":8},"end":{"line":14,"column":null}},"3":{"start":{"line":15,"column":13},"end":{"line":15,"column":null}},"4":{"start":{"line":16,"column":20},"end":{"line":16,"column":null}},"5":{"start":{"line":17,"column":19},"end":{"line":17,"column":null}},"6":{"start":{"line":18,"column":24},"end":{"line":18,"column":null}},"7":{"start":{"line":19,"column":16},"end":{"line":19,"column":null}},"8":{"start":{"line":20,"column":23},"end":{"line":20,"column":null}},"9":{"start":{"line":21,"column":22},"end":{"line":21,"column":null}},"10":{"start":{"line":22,"column":24},"end":{"line":22,"column":null}},"11":{"start":{"line":23,"column":22},"end":{"line":23,"column":null}},"12":{"start":{"line":24,"column":8},"end":{"line":24,"column":null}},"13":{"start":{"line":25,"column":21},"end":{"line":25,"column":null}},"14":{"start":{"line":27,"column":2},"end":{"line":32,"column":null}},"15":{"start":{"line":28,"column":21},"end":{"line":28,"column":null}},"16":{"start":{"line":29,"column":22},"end":{"line":29,"column":null}},"17":{"start":{"line":30,"column":4},"end":{"line":30,"column":null}},"18":{"start":{"line":31,"column":4},"end":{"line":31,"column":null}},"19":{"start":{"line":34,"column":2},"end":{"line":38,"column":null}},"20":{"start":{"line":35,"column":4},"end":{"line":35,"column":null}},"21":{"start":{"line":35,"column":39},"end":{"line":35,"column":null}},"22":{"start":{"line":36,"column":4},"end":{"line":37,"column":null}},"23":{"start":{"line":36,"column":18},"end":{"line":36,"column":null}},"24":{"start":{"line":37,"column":9},"end":{"line":37,"column":null}},"25":{"start":{"line":40,"column":35},"end":{"line":44,"column":null}},"26":{"start":{"line":42,"column":19},"end":{"line":42,"column":null}},"27":{"start":{"line":46,"column":53},"end":{"line":52,"column":null}},"28":{"start":{"line":48,"column":19},"end":{"line":48,"column":null}},"29":{"start":{"line":54,"column":35},"end":{"line":60,"column":null}},"30":{"start":{"line":56,"column":19},"end":{"line":56,"column":null}},"31":{"start":{"line":62,"column":16},"end":{"line":68,"column":null}},"32":{"start":{"line":64,"column":19},"end":{"line":64,"column":null}},"33":{"start":{"line":70,"column":2},"end":{"line":76,"column":null}},"34":{"start":{"line":72,"column":19},"end":{"line":72,"column":null}},"35":{"start":{"line":78,"column":8},"end":{"line":78,"column":null}},"36":{"start":{"line":80,"column":8},"end":{"line":88,"column":null}},"37":{"start":{"line":81,"column":10},"end":{"line":81,"column":null}},"38":{"start":{"line":82,"column":4},"end":{"line":82,"column":null}},"39":{"start":{"line":82,"column":12},"end":{"line":82,"column":null}},"40":{"start":{"line":83,"column":4},"end":{"line":87,"column":null}},"41":{"start":{"line":84,"column":22},"end":{"line":84,"column":null}},"42":{"start":{"line":84,"column":45},"end":{"line":84,"column":70}},"43":{"start":{"line":85,"column":12},"end":{"line":85,"column":null}},"44":{"start":{"line":86,"column":6},"end":{"line":86,"column":null}},"45":{"start":{"line":90,"column":23},"end":{"line":90,"column":null}},"46":{"start":{"line":91,"column":8},"end":{"line":91,"column":null}},"47":{"start":{"line":92,"column":8},"end":{"line":92,"column":null}},"48":{"start":{"line":93,"column":8},"end":{"line":93,"column":null}},"49":{"start":{"line":94,"column":8},"end":{"line":94,"column":null}},"50":{"start":{"line":95,"column":8},"end":{"line":95,"column":null}},"51":{"start":{"line":97,"column":2},"end":{"line":116,"column":null}},"52":{"start":{"line":98,"column":4},"end":{"line":98,"column":null}},"53":{"start":{"line":98,"column":19},"end":{"line":98,"column":null}},"54":{"start":{"line":99,"column":33},"end":{"line":99,"column":null}},"55":{"start":{"line":100,"column":4},"end":{"line":112,"column":null}},"56":{"start":{"line":101,"column":6},"end":{"line":108,"column":null}},"57":{"start":{"line":102,"column":8},"end":{"line":107,"column":null}},"58":{"start":{"line":103,"column":25},"end":{"line":103,"column":null}},"59":{"start":{"line":104,"column":10},"end":{"line":104,"column":null}},"60":{"start":{"line":104,"column":34},"end":{"line":104,"column":65}},"61":{"start":{"line":109,"column":6},"end":{"line":109,"column":null}},"62":{"start":{"line":111,"column":6},"end":{"line":111,"column":null}},"63":{"start":{"line":113,"column":4},"end":{"line":115,"column":null}},"64":{"start":{"line":114,"column":6},"end":{"line":114,"column":null}},"65":{"start":{"line":118,"column":8},"end":{"line":129,"column":null}},"66":{"start":{"line":119,"column":19},"end":{"line":119,"column":null}},"67":{"start":{"line":120,"column":17},"end":{"line":120,"column":null}},"68":{"start":{"line":121,"column":33},"end":{"line":121,"column":null}},"69":{"start":{"line":122,"column":4},"end":{"line":127,"column":null}},"70":{"start":{"line":123,"column":6},"end":{"line":123,"column":null}},"71":{"start":{"line":123,"column":34},"end":{"line":123,"column":null}},"72":{"start":{"line":124,"column":6},"end":{"line":124,"column":null}},"73":{"start":{"line":125,"column":6},"end":{"line":125,"column":null}},"74":{"start":{"line":126,"column":6},"end":{"line":126,"column":null}},"75":{"start":{"line":126,"column":28},"end":{"line":126,"column":null}},"76":{"start":{"line":128,"column":4},"end":{"line":128,"column":null}},"77":{"start":{"line":131,"column":2},"end":{"line":137,"column":null}},"78":{"start":{"line":132,"column":4},"end":{"line":132,"column":null}},"79":{"start":{"line":132,"column":51},"end":{"line":132,"column":null}},"80":{"start":{"line":133,"column":18},"end":{"line":135,"column":null}},"81":{"start":{"line":134,"column":6},"end":{"line":134,"column":null}},"82":{"start":{"line":134,"column":22},"end":{"line":134,"column":63}},"83":{"start":{"line":136,"column":4},"end":{"line":136,"column":null}},"84":{"start":{"line":136,"column":17},"end":{"line":136,"column":null}},"85":{"start":{"line":139,"column":2},"end":{"line":158,"column":null}},"86":{"start":{"line":140,"column":10},"end":{"line":155,"column":null}},"87":{"start":{"line":141,"column":16},"end":{"line":141,"column":null}},"88":{"start":{"line":142,"column":6},"end":{"line":142,"column":null}},"89":{"start":{"line":142,"column":68},"end":{"line":142,"column":null}},"90":{"start":{"line":143,"column":6},"end":{"line":154,"column":null}},"91":{"start":{"line":144,"column":8},"end":{"line":144,"column":null}},"92":{"start":{"line":145,"column":8},"end":{"line":145,"column":null}},"93":{"start":{"line":146,"column":13},"end":{"line":154,"column":null}},"94":{"start":{"line":147,"column":8},"end":{"line":147,"column":null}},"95":{"start":{"line":148,"column":8},"end":{"line":148,"column":null}},"96":{"start":{"line":148,"column":32},"end":{"line":148,"column":34}},"97":{"start":{"line":149,"column":13},"end":{"line":154,"column":null}},"98":{"start":{"line":150,"column":8},"end":{"line":150,"column":null}},"99":{"start":{"line":151,"column":8},"end":{"line":151,"column":null}},"100":{"start":{"line":152,"column":13},"end":{"line":154,"column":null}},"101":{"start":{"line":153,"column":8},"end":{"line":153,"column":null}},"102":{"start":{"line":156,"column":4},"end":{"line":156,"column":null}},"103":{"start":{"line":157,"column":4},"end":{"line":157,"column":null}},"104":{"start":{"line":157,"column":17},"end":{"line":157,"column":null}},"105":{"start":{"line":160,"column":21},"end":{"line":164,"column":null}},"106":{"start":{"line":161,"column":4},"end":{"line":161,"column":null}},"107":{"start":{"line":162,"column":4},"end":{"line":162,"column":null}},"108":{"start":{"line":163,"column":4},"end":{"line":163,"column":null}},"109":{"start":{"line":166,"column":8},"end":{"line":189,"column":null}},"110":{"start":{"line":167,"column":17},"end":{"line":174,"column":null}},"111":{"start":{"line":167,"column":50},"end":{"line":174,"column":6}},"112":{"start":{"line":175,"column":19},"end":{"line":175,"column":null}},"113":{"start":{"line":176,"column":17},"end":{"line":178,"column":null}},"114":{"start":{"line":177,"column":18},"end":{"line":177,"column":122}},"115":{"start":{"line":177,"column":36},"end":{"line":177,"column":111}},"116":{"start":{"line":179,"column":16},"end":{"line":179,"column":null}},"117":{"start":{"line":180,"column":17},"end":{"line":180,"column":null}},"118":{"start":{"line":181,"column":16},"end":{"line":181,"column":null}},"119":{"start":{"line":182,"column":14},"end":{"line":182,"column":null}},"120":{"start":{"line":183,"column":4},"end":{"line":183,"column":null}},"121":{"start":{"line":184,"column":4},"end":{"line":184,"column":null}},"122":{"start":{"line":185,"column":4},"end":{"line":185,"column":null}},"123":{"start":{"line":186,"column":4},"end":{"line":186,"column":null}},"124":{"start":{"line":187,"column":4},"end":{"line":187,"column":null}},"125":{"start":{"line":188,"column":4},"end":{"line":188,"column":null}},"126":{"start":{"line":191,"column":2},"end":{"line":224,"column":null}}},"fnMap":{"0":{"name":"useOverviewPage","decl":{"start":{"line":12,"column":16},"end":{"line":12,"column":34}},"loc":{"start":{"line":12,"column":34},"end":{"line":225,"column":null}},"line":12},"1":{"name":"(anonymous_1)","decl":{"start":{"line":27,"column":2},"end":{"line":27,"column":18}},"loc":{"start":{"line":27,"column":18},"end":{"line":32,"column":5}},"line":27},"2":{"name":"(anonymous_2)","decl":{"start":{"line":34,"column":2},"end":{"line":34,"column":18}},"loc":{"start":{"line":34,"column":18},"end":{"line":38,"column":5}},"line":34},"3":{"name":"(anonymous_3)","decl":{"start":{"line":42,"column":4},"end":{"line":42,"column":19}},"loc":{"start":{"line":42,"column":19},"end":{"line":42,"column":null}},"line":42},"4":{"name":"(anonymous_4)","decl":{"start":{"line":48,"column":4},"end":{"line":48,"column":19}},"loc":{"start":{"line":48,"column":19},"end":{"line":48,"column":null}},"line":48},"5":{"name":"(anonymous_5)","decl":{"start":{"line":56,"column":4},"end":{"line":56,"column":19}},"loc":{"start":{"line":56,"column":19},"end":{"line":56,"column":null}},"line":56},"6":{"name":"(anonymous_6)","decl":{"start":{"line":64,"column":4},"end":{"line":64,"column":19}},"loc":{"start":{"line":64,"column":19},"end":{"line":64,"column":null}},"line":64},"7":{"name":"(anonymous_7)","decl":{"start":{"line":72,"column":4},"end":{"line":72,"column":19}},"loc":{"start":{"line":72,"column":19},"end":{"line":72,"column":null}},"line":72},"8":{"name":"(anonymous_8)","decl":{"start":{"line":80,"column":31},"end":{"line":80,"column":45}},"loc":{"start":{"line":80,"column":45},"end":{"line":88,"column":5}},"line":80},"9":{"name":"(anonymous_9)","decl":{"start":{"line":83,"column":32},"end":{"line":83,"column":40}},"loc":{"start":{"line":83,"column":46},"end":{"line":87,"column":5}},"line":83},"10":{"name":"(anonymous_10)","decl":{"start":{"line":84,"column":34},"end":{"line":84,"column":39}},"loc":{"start":{"line":84,"column":45},"end":{"line":84,"column":70}},"line":84},"11":{"name":"(anonymous_11)","decl":{"start":{"line":97,"column":2},"end":{"line":97,"column":18}},"loc":{"start":{"line":97,"column":18},"end":{"line":116,"column":5}},"line":97},"12":{"name":"(anonymous_12)","decl":{"start":{"line":101,"column":30},"end":{"line":101,"column":41}},"loc":{"start":{"line":101,"column":62},"end":{"line":108,"column":7}},"line":101},"13":{"name":"(anonymous_13)","decl":{"start":{"line":104,"column":10},"end":{"line":104,"column":25}},"loc":{"start":{"line":104,"column":34},"end":{"line":104,"column":65}},"line":104},"14":{"name":"(anonymous_14)","decl":{"start":{"line":109,"column":9},"end":{"line":109,"column":25}},"loc":{"start":{"line":109,"column":25},"end":{"line":109,"column":null}},"line":109},"15":{"name":"(anonymous_15)","decl":{"start":{"line":113,"column":4},"end":{"line":113,"column":17}},"loc":{"start":{"line":113,"column":17},"end":{"line":115,"column":null}},"line":113},"16":{"name":"(anonymous_16)","decl":{"start":{"line":118,"column":23},"end":{"line":118,"column":37}},"loc":{"start":{"line":118,"column":37},"end":{"line":129,"column":5}},"line":118},"17":{"name":"(anonymous_17)","decl":{"start":{"line":131,"column":2},"end":{"line":131,"column":18}},"loc":{"start":{"line":131,"column":18},"end":{"line":137,"column":5}},"line":131},"18":{"name":"(anonymous_18)","decl":{"start":{"line":133,"column":25},"end":{"line":133,"column":43}},"loc":{"start":{"line":133,"column":43},"end":{"line":135,"column":7}},"line":133},"19":{"name":"(anonymous_19)","decl":{"start":{"line":134,"column":6},"end":{"line":134,"column":22}},"loc":{"start":{"line":134,"column":22},"end":{"line":134,"column":63}},"line":134},"20":{"name":"(anonymous_20)","decl":{"start":{"line":136,"column":4},"end":{"line":136,"column":17}},"loc":{"start":{"line":136,"column":17},"end":{"line":136,"column":null}},"line":136},"21":{"name":"(anonymous_21)","decl":{"start":{"line":139,"column":2},"end":{"line":139,"column":18}},"loc":{"start":{"line":139,"column":18},"end":{"line":158,"column":5}},"line":139},"22":{"name":"(anonymous_22)","decl":{"start":{"line":140,"column":10},"end":{"line":140,"column":19}},"loc":{"start":{"line":140,"column":40},"end":{"line":155,"column":null}},"line":140},"23":{"name":"(anonymous_23)","decl":{"start":{"line":148,"column":8},"end":{"line":148,"column":26}},"loc":{"start":{"line":148,"column":32},"end":{"line":148,"column":34}},"line":148},"24":{"name":"(anonymous_24)","decl":{"start":{"line":157,"column":4},"end":{"line":157,"column":17}},"loc":{"start":{"line":157,"column":17},"end":{"line":157,"column":null}},"line":157},"25":{"name":"(anonymous_25)","decl":{"start":{"line":160,"column":21},"end":{"line":160,"column":33}},"loc":{"start":{"line":160,"column":33},"end":{"line":164,"column":null}},"line":160},"26":{"name":"(anonymous_26)","decl":{"start":{"line":166,"column":8},"end":{"line":166,"column":32}},"loc":{"start":{"line":166,"column":32},"end":{"line":189,"column":null}},"line":166},"27":{"name":"(anonymous_27)","decl":{"start":{"line":167,"column":38},"end":{"line":167,"column":43}},"loc":{"start":{"line":167,"column":50},"end":{"line":174,"column":6}},"line":167},"28":{"name":"(anonymous_28)","decl":{"start":{"line":177,"column":7},"end":{"line":177,"column":12}},"loc":{"start":{"line":177,"column":18},"end":{"line":177,"column":122}},"line":177},"29":{"name":"(anonymous_29)","decl":{"start":{"line":177,"column":25},"end":{"line":177,"column":30}},"loc":{"start":{"line":177,"column":36},"end":{"line":177,"column":111}},"line":177}},"branchMap":{"0":{"loc":{"start":{"line":15,"column":13},"end":{"line":15,"column":null}},"type":"binary-expr","locations":[{"start":{"line":15,"column":13},"end":{"line":15,"column":62}},{"start":{"line":15,"column":62},"end":{"line":15,"column":null}}],"line":15},"1":{"loc":{"start":{"line":16,"column":20},"end":{"line":16,"column":null}},"type":"binary-expr","locations":[{"start":{"line":16,"column":20},"end":{"line":16,"column":27}},{"start":{"line":16,"column":21},"end":{"line":16,"column":null}}],"line":16},"2":{"loc":{"start":{"line":28,"column":21},"end":{"line":28,"column":null}},"type":"cond-expr","locations":[{"start":{"line":28,"column":53},"end":{"line":28,"column":108}},{"start":{"line":28,"column":108},"end":{"line":28,"column":null}}],"line":28},"3":{"loc":{"start":{"line":28,"column":53},"end":{"line":28,"column":108}},"type":"binary-expr","locations":[{"start":{"line":28,"column":53},"end":{"line":28,"column":103}},{"start":{"line":28,"column":103},"end":{"line":28,"column":108}}],"line":28},"4":{"loc":{"start":{"line":29,"column":22},"end":{"line":29,"column":null}},"type":"binary-expr","locations":[{"start":{"line":29,"column":22},"end":{"line":29,"column":35}},{"start":{"line":29,"column":35},"end":{"line":29,"column":null}}],"line":29},"5":{"loc":{"start":{"line":29,"column":35},"end":{"line":29,"column":null}},"type":"cond-expr","locations":[{"start":{"line":29,"column":47},"end":{"line":29,"column":66}},{"start":{"line":29,"column":66},"end":{"line":29,"column":null}}],"line":29},"6":{"loc":{"start":{"line":35,"column":4},"end":{"line":35,"column":null}},"type":"if","locations":[{"start":{"line":35,"column":4},"end":{"line":35,"column":null}},{"start":{},"end":{}}],"line":35},"7":{"loc":{"start":{"line":36,"column":4},"end":{"line":37,"column":null}},"type":"if","locations":[{"start":{"line":36,"column":4},"end":{"line":37,"column":null}},{"start":{"line":37,"column":9},"end":{"line":37,"column":null}}],"line":36},"8":{"loc":{"start":{"line":82,"column":4},"end":{"line":82,"column":null}},"type":"if","locations":[{"start":{"line":82,"column":4},"end":{"line":82,"column":null}},{"start":{},"end":{}}],"line":82},"9":{"loc":{"start":{"line":84,"column":22},"end":{"line":84,"column":null}},"type":"binary-expr","locations":[{"start":{"line":84,"column":22},"end":{"line":84,"column":85}},{"start":{"line":84,"column":85},"end":{"line":84,"column":null}}],"line":84},"10":{"loc":{"start":{"line":85,"column":47},"end":{"line":85,"column":64}},"type":"binary-expr","locations":[{"start":{"line":85,"column":47},"end":{"line":85,"column":61}},{"start":{"line":85,"column":61},"end":{"line":85,"column":64}}],"line":85},"11":{"loc":{"start":{"line":85,"column":67},"end":{"line":85,"column":81}},"type":"binary-expr","locations":[{"start":{"line":85,"column":67},"end":{"line":85,"column":78}},{"start":{"line":85,"column":78},"end":{"line":85,"column":81}}],"line":85},"12":{"loc":{"start":{"line":85,"column":94},"end":{"line":85,"column":108}},"type":"binary-expr","locations":[{"start":{"line":85,"column":94},"end":{"line":85,"column":106}},{"start":{"line":85,"column":106},"end":{"line":85,"column":108}}],"line":85},"13":{"loc":{"start":{"line":90,"column":23},"end":{"line":90,"column":null}},"type":"binary-expr","locations":[{"start":{"line":90,"column":23},"end":{"line":90,"column":37}},{"start":{"line":90,"column":37},"end":{"line":90,"column":null}}],"line":90},"14":{"loc":{"start":{"line":98,"column":4},"end":{"line":98,"column":null}},"type":"if","locations":[{"start":{"line":98,"column":4},"end":{"line":98,"column":null}},{"start":{},"end":{}}],"line":98},"15":{"loc":{"start":{"line":123,"column":6},"end":{"line":123,"column":null}},"type":"if","locations":[{"start":{"line":123,"column":6},"end":{"line":123,"column":null}},{"start":{},"end":{}}],"line":123},"16":{"loc":{"start":{"line":126,"column":6},"end":{"line":126,"column":null}},"type":"if","locations":[{"start":{"line":126,"column":6},"end":{"line":126,"column":null}},{"start":{},"end":{}}],"line":126},"17":{"loc":{"start":{"line":132,"column":4},"end":{"line":132,"column":null}},"type":"if","locations":[{"start":{"line":132,"column":4},"end":{"line":132,"column":null}},{"start":{},"end":{}}],"line":132},"18":{"loc":{"start":{"line":132,"column":8},"end":{"line":132,"column":51}},"type":"binary-expr","locations":[{"start":{"line":132,"column":8},"end":{"line":132,"column":24}},{"start":{"line":132,"column":24},"end":{"line":132,"column":51}}],"line":132},"19":{"loc":{"start":{"line":142,"column":6},"end":{"line":142,"column":null}},"type":"if","locations":[{"start":{"line":142,"column":6},"end":{"line":142,"column":null}},{"start":{},"end":{}}],"line":142},"20":{"loc":{"start":{"line":142,"column":10},"end":{"line":142,"column":68}},"type":"binary-expr","locations":[{"start":{"line":142,"column":10},"end":{"line":142,"column":16}},{"start":{"line":142,"column":16},"end":{"line":142,"column":41}},{"start":{"line":142,"column":41},"end":{"line":142,"column":68}}],"line":142},"21":{"loc":{"start":{"line":143,"column":6},"end":{"line":154,"column":null}},"type":"if","locations":[{"start":{"line":143,"column":6},"end":{"line":154,"column":null}},{"start":{"line":146,"column":13},"end":{"line":154,"column":null}}],"line":143},"22":{"loc":{"start":{"line":146,"column":13},"end":{"line":154,"column":null}},"type":"if","locations":[{"start":{"line":146,"column":13},"end":{"line":154,"column":null}},{"start":{"line":149,"column":13},"end":{"line":154,"column":null}}],"line":146},"23":{"loc":{"start":{"line":149,"column":13},"end":{"line":154,"column":null}},"type":"if","locations":[{"start":{"line":149,"column":13},"end":{"line":154,"column":null}},{"start":{"line":152,"column":13},"end":{"line":154,"column":null}}],"line":149},"24":{"loc":{"start":{"line":152,"column":13},"end":{"line":154,"column":null}},"type":"if","locations":[{"start":{"line":152,"column":13},"end":{"line":154,"column":null}},{"start":{},"end":{}}],"line":152},"25":{"loc":{"start":{"line":169,"column":17},"end":{"line":169,"column":null}},"type":"binary-expr","locations":[{"start":{"line":169,"column":17},"end":{"line":169,"column":32}},{"start":{"line":169,"column":32},"end":{"line":169,"column":null}}],"line":169},"26":{"loc":{"start":{"line":170,"column":16},"end":{"line":170,"column":null}},"type":"binary-expr","locations":[{"start":{"line":170,"column":16},"end":{"line":170,"column":30}},{"start":{"line":170,"column":30},"end":{"line":170,"column":null}}],"line":170},"27":{"loc":{"start":{"line":171,"column":13},"end":{"line":171,"column":null}},"type":"binary-expr","locations":[{"start":{"line":171,"column":13},"end":{"line":171,"column":24}},{"start":{"line":171,"column":24},"end":{"line":171,"column":null}}],"line":171},"28":{"loc":{"start":{"line":172,"column":24},"end":{"line":172,"column":38}},"type":"binary-expr","locations":[{"start":{"line":172,"column":24},"end":{"line":172,"column":36}},{"start":{"line":172,"column":36},"end":{"line":172,"column":38}}],"line":172},"29":{"loc":{"start":{"line":173,"column":20},"end":{"line":173,"column":null}},"type":"binary-expr","locations":[{"start":{"line":173,"column":20},"end":{"line":173,"column":45}},{"start":{"line":173,"column":45},"end":{"line":173,"column":null}}],"line":173},"30":{"loc":{"start":{"line":177,"column":48},"end":{"line":177,"column":85}},"type":"binary-expr","locations":[{"start":{"line":177,"column":48},"end":{"line":177,"column":83}},{"start":{"line":177,"column":83},"end":{"line":177,"column":85}}],"line":177}},"s":{"0":0,"1":0,"2":0,"3":0,"4":0,"5":0,"6":0,"7":0,"8":0,"9":0,"10":0,"11":0,"12":0,"13":0,"14":0,"15":0,"16":0,"17":0,"18":0,"19":0,"20":0,"21":0,"22":0,"23":0,"24":0,"25":0,"26":0,"27":0,"28":0,"29":0,"30":0,"31":0,"32":0,"33":0,"34":0,"35":0,"36":0,"37":0,"38":0,"39":0,"40":0,"41":0,"42":0,"43":0,"44":0,"45":0,"46":0,"47":0,"48":0,"49":0,"50":0,"51":0,"52":0,"53":0,"54":0,"55":0,"56":0,"57":0,"58":0,"59":0,"60":0,"61":0,"62":0,"63":0,"64":0,"65":0,"66":0,"67":0,"68":0,"69":0,"70":0,"71":0,"72":0,"73":0,"74":0,"75":0,"76":0,"77":0,"78":0,"79":0,"80":0,"81":0,"82":0,"83":0,"84":0,"85":0,"86":0,"87":0,"88":0,"89":0,"90":0,"91":0,"92":0,"93":0,"94":0,"95":0,"96":0,"97":0,"98":0,"99":0,"100":0,"101":0,"102":0,"103":0,"104":0,"105":0,"106":0,"107":0,"108":0,"109":0,"110":0,"111":0,"112":0,"113":0,"114":0,"115":0,"116":0,"117":0,"118":0,"119":0,"120":0,"121":0,"122":0,"123":0,"124":0,"125":0,"126":0},"f":{"0":0,"1":0,"2":0,"3":0,"4":0,"5":0,"6":0,"7":0,"8":0,"9":0,"10":0,"11":0,"12":0,"13":0,"14":0,"15":0,"16":0,"17":0,"18":0,"19":0,"20":0,"21":0,"22":0,"23":0,"24":0,"25":0,"26":0,"27":0,"28":0,"29":0},"b":{"0":[0,0],"1":[0,0],"2":[0,0],"3":[0,0],"4":[0,0],"5":[0,0],"6":[0,0],"7":[0,0],"8":[0,0],"9":[0,0],"10":[0,0],"11":[0,0],"12":[0,0],"13":[0,0],"14":[0,0],"15":[0,0],"16":[0,0],"17":[0,0],"18":[0,0],"19":[0,0],"20":[0,0,0],"21":[0,0],"22":[0,0],"23":[0,0],"24":[0,0],"25":[0,0],"26":[0,0],"27":[0,0],"28":[0,0],"29":[0,0],"30":[0,0]},"meta":{"lastBranch":31,"lastFunction":30,"lastStatement":127,"seen":{"s:1:0:1:Infinity":0,"f:12:16:12:34":0,"s:13:8:13:Infinity":1,"s:14:8:14:Infinity":2,"s:15:13:15:Infinity":3,"b:15:13:15:62:15:62:15:Infinity":0,"s:16:20:16:Infinity":4,"b:16:20:16:27:16:21:16:Infinity":1,"s:17:19:17:Infinity":5,"s:18:24:18:Infinity":6,"s:19:16:19:Infinity":7,"s:20:23:20:Infinity":8,"s:21:22:21:Infinity":9,"s:22:24:22:Infinity":10,"s:23:22:23:Infinity":11,"s:24:8:24:Infinity":12,"s:25:21:25:Infinity":13,"s:27:2:32:Infinity":14,"f:27:2:27:18":1,"s:28:21:28:Infinity":15,"b:28:53:28:108:28:108:28:Infinity":2,"b:28:53:28:103:28:103:28:108":3,"s:29:22:29:Infinity":16,"b:29:22:29:35:29:35:29:Infinity":4,"b:29:47:29:66:29:66:29:Infinity":5,"s:30:4:30:Infinity":17,"s:31:4:31:Infinity":18,"s:34:2:38:Infinity":19,"f:34:2:34:18":2,"b:35:4:35:Infinity:undefined:undefined:undefined:undefined":6,"s:35:4:35:Infinity":20,"s:35:39:35:Infinity":21,"b:36:4:37:Infinity:37:9:37:Infinity":7,"s:36:4:37:Infinity":22,"s:36:18:36:Infinity":23,"s:37:9:37:Infinity":24,"s:40:35:44:Infinity":25,"f:42:4:42:19":3,"s:42:19:42:Infinity":26,"s:46:53:52:Infinity":27,"f:48:4:48:19":4,"s:48:19:48:Infinity":28,"s:54:35:60:Infinity":29,"f:56:4:56:19":5,"s:56:19:56:Infinity":30,"s:62:16:68:Infinity":31,"f:64:4:64:19":6,"s:64:19:64:Infinity":32,"s:70:2:76:Infinity":33,"f:72:4:72:19":7,"s:72:19:72:Infinity":34,"s:78:8:78:Infinity":35,"s:80:8:88:Infinity":36,"f:80:31:80:45":8,"s:81:10:81:Infinity":37,"b:82:4:82:Infinity:undefined:undefined:undefined:undefined":8,"s:82:4:82:Infinity":38,"s:82:12:82:Infinity":39,"s:83:4:87:Infinity":40,"f:83:32:83:40":9,"s:84:22:84:Infinity":41,"b:84:22:84:85:84:85:84:Infinity":9,"f:84:34:84:39":10,"s:84:45:84:70":42,"s:85:12:85:Infinity":43,"b:85:47:85:61:85:61:85:64":10,"b:85:67:85:78:85:78:85:81":11,"b:85:94:85:106:85:106:85:108":12,"s:86:6:86:Infinity":44,"s:90:23:90:Infinity":45,"b:90:23:90:37:90:37:90:Infinity":13,"s:91:8:91:Infinity":46,"s:92:8:92:Infinity":47,"s:93:8:93:Infinity":48,"s:94:8:94:Infinity":49,"s:95:8:95:Infinity":50,"s:97:2:116:Infinity":51,"f:97:2:97:18":11,"b:98:4:98:Infinity:undefined:undefined:undefined:undefined":14,"s:98:4:98:Infinity":52,"s:98:19:98:Infinity":53,"s:99:33:99:Infinity":54,"s:100:4:112:Infinity":55,"s:101:6:108:Infinity":56,"f:101:30:101:41":12,"s:102:8:107:Infinity":57,"s:103:25:103:Infinity":58,"s:104:10:104:Infinity":59,"f:104:10:104:25":13,"s:104:34:104:65":60,"s:109:6:109:Infinity":61,"f:109:9:109:25":14,"s:111:6:111:Infinity":62,"s:113:4:115:Infinity":63,"f:113:4:113:17":15,"s:114:6:114:Infinity":64,"s:118:8:129:Infinity":65,"f:118:23:118:37":16,"s:119:19:119:Infinity":66,"s:120:17:120:Infinity":67,"s:121:33:121:Infinity":68,"s:122:4:127:Infinity":69,"b:123:6:123:Infinity:undefined:undefined:undefined:undefined":15,"s:123:6:123:Infinity":70,"s:123:34:123:Infinity":71,"s:124:6:124:Infinity":72,"s:125:6:125:Infinity":73,"b:126:6:126:Infinity:undefined:undefined:undefined:undefined":16,"s:126:6:126:Infinity":74,"s:126:28:126:Infinity":75,"s:128:4:128:Infinity":76,"s:131:2:137:Infinity":77,"f:131:2:131:18":17,"b:132:4:132:Infinity:undefined:undefined:undefined:undefined":17,"s:132:4:132:Infinity":78,"b:132:8:132:24:132:24:132:51":18,"s:132:51:132:Infinity":79,"s:133:18:135:Infinity":80,"f:133:25:133:43":18,"s:134:6:134:Infinity":81,"f:134:6:134:22":19,"s:134:22:134:63":82,"s:136:4:136:Infinity":83,"f:136:4:136:17":20,"s:136:17:136:Infinity":84,"s:139:2:158:Infinity":85,"f:139:2:139:18":21,"s:140:10:155:Infinity":86,"f:140:10:140:19":22,"s:141:16:141:Infinity":87,"b:142:6:142:Infinity:undefined:undefined:undefined:undefined":19,"s:142:6:142:Infinity":88,"b:142:10:142:16:142:16:142:41:142:41:142:68":20,"s:142:68:142:Infinity":89,"b:143:6:154:Infinity:146:13:154:Infinity":21,"s:143:6:154:Infinity":90,"s:144:8:144:Infinity":91,"s:145:8:145:Infinity":92,"b:146:13:154:Infinity:149:13:154:Infinity":22,"s:146:13:154:Infinity":93,"s:147:8:147:Infinity":94,"s:148:8:148:Infinity":95,"f:148:8:148:26":23,"s:148:32:148:34":96,"b:149:13:154:Infinity:152:13:154:Infinity":23,"s:149:13:154:Infinity":97,"s:150:8:150:Infinity":98,"s:151:8:151:Infinity":99,"b:152:13:154:Infinity:undefined:undefined:undefined:undefined":24,"s:152:13:154:Infinity":100,"s:153:8:153:Infinity":101,"s:156:4:156:Infinity":102,"s:157:4:157:Infinity":103,"f:157:4:157:17":24,"s:157:17:157:Infinity":104,"s:160:21:164:Infinity":105,"f:160:21:160:33":25,"s:161:4:161:Infinity":106,"s:162:4:162:Infinity":107,"s:163:4:163:Infinity":108,"s:166:8:189:Infinity":109,"f:166:8:166:32":26,"s:167:17:174:Infinity":110,"f:167:38:167:43":27,"s:167:50:174:6":111,"b:169:17:169:32:169:32:169:Infinity":25,"b:170:16:170:30:170:30:170:Infinity":26,"b:171:13:171:24:171:24:171:Infinity":27,"b:172:24:172:36:172:36:172:38":28,"b:173:20:173:45:173:45:173:Infinity":29,"s:175:19:175:Infinity":112,"s:176:17:178:Infinity":113,"f:177:7:177:12":28,"s:177:18:177:122":114,"f:177:25:177:30":29,"s:177:36:177:111":115,"b:177:48:177:83:177:83:177:85":30,"s:179:16:179:Infinity":116,"s:180:17:180:Infinity":117,"s:181:16:181:Infinity":118,"s:182:14:182:Infinity":119,"s:183:4:183:Infinity":120,"s:184:4:184:Infinity":121,"s:185:4:185:Infinity":122,"s:186:4:186:Infinity":123,"s:187:4:187:Infinity":124,"s:188:4:188:Infinity":125,"s:191:2:224:Infinity":126},"fnNames":{}}}
,"C:\\Users\\fatih\\Desktop\\tamga\\tamga\\dashboard\\app\\(dashboard)\\dashboard\\costs\\useCostsPage.ts": {"path":"C:\\Users\\fatih\\Desktop\\tamga\\tamga\\dashboard\\app\\(dashboard)\\dashboard\\costs\\useCostsPage.ts","statementMap":{"0":{"start":{"line":1,"column":0},"end":{"line":1,"column":null}},"1":{"start":{"line":7,"column":26},"end":{"line":7,"column":null}},"2":{"start":{"line":11,"column":19},"end":{"line":11,"column":null}},"3":{"start":{"line":12,"column":16},"end":{"line":12,"column":null}},"4":{"start":{"line":14,"column":2},"end":{"line":20,"column":null}},"5":{"start":{"line":16,"column":6},"end":{"line":18,"column":null}},"6":{"start":{"line":19,"column":4},"end":{"line":19,"column":null}},"7":{"start":{"line":22,"column":57},"end":{"line":28,"column":null}},"8":{"start":{"line":24,"column":19},"end":{"line":24,"column":null}},"9":{"start":{"line":30,"column":31},"end":{"line":36,"column":null}},"10":{"start":{"line":32,"column":19},"end":{"line":32,"column":null}},"11":{"start":{"line":39,"column":42},"end":{"line":45,"column":null}},"12":{"start":{"line":41,"column":19},"end":{"line":41,"column":null}},"13":{"start":{"line":47,"column":20},"end":{"line":47,"column":null}},"14":{"start":{"line":48,"column":19},"end":{"line":48,"column":null}},"15":{"start":{"line":50,"column":22},"end":{"line":50,"column":null}},"16":{"start":{"line":51,"column":20},"end":{"line":51,"column":null}},"17":{"start":{"line":52,"column":22},"end":{"line":52,"column":null}},"18":{"start":{"line":53,"column":20},"end":{"line":53,"column":null}},"19":{"start":{"line":54,"column":23},"end":{"line":56,"column":null}},"20":{"start":{"line":58,"column":8},"end":{"line":70,"column":null}},"21":{"start":{"line":58,"column":20},"end":{"line":68,"column":null}},"22":{"start":{"line":60,"column":37},"end":{"line":68,"column":8}},"23":{"start":{"line":73,"column":8},"end":{"line":82,"column":null}},"24":{"start":{"line":74,"column":22},"end":{"line":74,"column":null}},"25":{"start":{"line":75,"column":4},"end":{"line":81,"column":null}},"26":{"start":{"line":76,"column":19},"end":{"line":80,"column":8}},"27":{"start":{"line":81,"column":22},"end":{"line":81,"column":37}},"28":{"start":{"line":84,"column":28},"end":{"line":84,"column":null}},"29":{"start":{"line":84,"column":87},"end":{"line":84,"column":99}},"30":{"start":{"line":86,"column":8},"end":{"line":101,"column":null}},"31":{"start":{"line":87,"column":19},"end":{"line":87,"column":null}},"32":{"start":{"line":88,"column":17},"end":{"line":90,"column":null}},"33":{"start":{"line":89,"column":18},"end":{"line":89,"column":74}},"34":{"start":{"line":91,"column":16},"end":{"line":91,"column":null}},"35":{"start":{"line":92,"column":17},"end":{"line":92,"column":null}},"36":{"start":{"line":93,"column":16},"end":{"line":93,"column":null}},"37":{"start":{"line":94,"column":14},"end":{"line":94,"column":null}},"38":{"start":{"line":95,"column":4},"end":{"line":95,"column":null}},"39":{"start":{"line":96,"column":4},"end":{"line":96,"column":null}},"40":{"start":{"line":97,"column":4},"end":{"line":97,"column":null}},"41":{"start":{"line":98,"column":4},"end":{"line":98,"column":null}},"42":{"start":{"line":99,"column":4},"end":{"line":99,"column":null}},"43":{"start":{"line":100,"column":4},"end":{"line":100,"column":null}},"44":{"start":{"line":103,"column":2},"end":{"line":118,"column":null}}},"fnMap":{"0":{"name":"useCostsPage","decl":{"start":{"line":10,"column":16},"end":{"line":10,"column":31}},"loc":{"start":{"line":10,"column":31},"end":{"line":119,"column":null}},"line":10},"1":{"name":"(anonymous_1)","decl":{"start":{"line":14,"column":2},"end":{"line":14,"column":18}},"loc":{"start":{"line":14,"column":18},"end":{"line":20,"column":5}},"line":14},"2":{"name":"(anonymous_2)","decl":{"start":{"line":24,"column":4},"end":{"line":24,"column":19}},"loc":{"start":{"line":24,"column":19},"end":{"line":24,"column":null}},"line":24},"3":{"name":"(anonymous_3)","decl":{"start":{"line":32,"column":4},"end":{"line":32,"column":19}},"loc":{"start":{"line":32,"column":19},"end":{"line":32,"column":null}},"line":32},"4":{"name":"(anonymous_4)","decl":{"start":{"line":41,"column":4},"end":{"line":41,"column":19}},"loc":{"start":{"line":41,"column":19},"end":{"line":41,"column":null}},"line":41},"5":{"name":"(anonymous_5)","decl":{"start":{"line":58,"column":20},"end":{"line":58,"column":null}},"loc":{"start":{"line":58,"column":20},"end":{"line":68,"column":null}},"line":58},"6":{"name":"(anonymous_6)","decl":{"start":{"line":60,"column":25},"end":{"line":60,"column":30}},"loc":{"start":{"line":60,"column":37},"end":{"line":68,"column":8}},"line":60},"7":{"name":"(anonymous_7)","decl":{"start":{"line":73,"column":24},"end":{"line":73,"column":38}},"loc":{"start":{"line":73,"column":38},"end":{"line":82,"column":5}},"line":73},"8":{"name":"(anonymous_8)","decl":{"start":{"line":76,"column":7},"end":{"line":76,"column":12}},"loc":{"start":{"line":76,"column":19},"end":{"line":80,"column":8}},"line":76},"9":{"name":"(anonymous_9)","decl":{"start":{"line":81,"column":7},"end":{"line":81,"column":13}},"loc":{"start":{"line":81,"column":22},"end":{"line":81,"column":37}},"line":81},"10":{"name":"(anonymous_10)","decl":{"start":{"line":84,"column":70},"end":{"line":84,"column":78}},"loc":{"start":{"line":84,"column":87},"end":{"line":84,"column":99}},"line":84},"11":{"name":"(anonymous_11)","decl":{"start":{"line":86,"column":8},"end":{"line":86,"column":26}},"loc":{"start":{"line":86,"column":26},"end":{"line":101,"column":null}},"line":86},"12":{"name":"(anonymous_12)","decl":{"start":{"line":89,"column":7},"end":{"line":89,"column":12}},"loc":{"start":{"line":89,"column":18},"end":{"line":89,"column":74}},"line":89}},"branchMap":{"0":{"loc":{"start":{"line":16,"column":6},"end":{"line":18,"column":null}},"type":"cond-expr","locations":[{"start":{"line":17,"column":10},"end":{"line":17,"column":null}},{"start":{"line":18,"column":10},"end":{"line":18,"column":null}}],"line":16},"1":{"loc":{"start":{"line":17,"column":10},"end":{"line":17,"column":null}},"type":"binary-expr","locations":[{"start":{"line":17,"column":10},"end":{"line":17,"column":60}},{"start":{"line":17,"column":60},"end":{"line":17,"column":null}}],"line":17},"2":{"loc":{"start":{"line":47,"column":20},"end":{"line":47,"column":null}},"type":"binary-expr","locations":[{"start":{"line":47,"column":20},"end":{"line":47,"column":37}},{"start":{"line":47,"column":37},"end":{"line":47,"column":50}},{"start":{"line":47,"column":50},"end":{"line":47,"column":null}}],"line":47},"3":{"loc":{"start":{"line":50,"column":22},"end":{"line":50,"column":null}},"type":"binary-expr","locations":[{"start":{"line":50,"column":22},"end":{"line":50,"column":46}},{"start":{"line":50,"column":46},"end":{"line":50,"column":null}}],"line":50},"4":{"loc":{"start":{"line":51,"column":20},"end":{"line":51,"column":null}},"type":"binary-expr","locations":[{"start":{"line":51,"column":20},"end":{"line":51,"column":46}},{"start":{"line":51,"column":46},"end":{"line":51,"column":null}}],"line":51},"5":{"loc":{"start":{"line":52,"column":22},"end":{"line":52,"column":null}},"type":"binary-expr","locations":[{"start":{"line":52,"column":22},"end":{"line":52,"column":46}},{"start":{"line":52,"column":46},"end":{"line":52,"column":null}}],"line":52},"6":{"loc":{"start":{"line":53,"column":20},"end":{"line":53,"column":null}},"type":"binary-expr","locations":[{"start":{"line":53,"column":20},"end":{"line":53,"column":46}},{"start":{"line":53,"column":46},"end":{"line":53,"column":null}}],"line":53},"7":{"loc":{"start":{"line":54,"column":23},"end":{"line":56,"column":null}},"type":"cond-expr","locations":[{"start":{"line":55,"column":6},"end":{"line":55,"column":null}},{"start":{"line":56,"column":6},"end":{"line":56,"column":null}}],"line":54},"8":{"loc":{"start":{"line":60,"column":7},"end":{"line":60,"column":25}},"type":"binary-expr","locations":[{"start":{"line":60,"column":7},"end":{"line":60,"column":21}},{"start":{"line":60,"column":21},"end":{"line":60,"column":25}}],"line":60},"9":{"loc":{"start":{"line":74,"column":22},"end":{"line":74,"column":null}},"type":"binary-expr","locations":[{"start":{"line":74,"column":22},"end":{"line":74,"column":50}},{"start":{"line":74,"column":50},"end":{"line":74,"column":null}}],"line":74},"10":{"loc":{"start":{"line":84,"column":28},"end":{"line":84,"column":null}},"type":"binary-expr","locations":[{"start":{"line":84,"column":28},"end":{"line":84,"column":56}},{"start":{"line":84,"column":56},"end":{"line":84,"column":null}}],"line":84}},"s":{"0":1,"1":1,"2":7,"3":7,"4":7,"5":3,"6":3,"7":7,"8":1,"9":7,"10":1,"11":7,"12":1,"13":7,"14":7,"15":7,"16":7,"17":7,"18":7,"19":7,"20":7,"21":5,"22":48,"23":7,"24":5,"25":5,"26":6,"27":4,"28":7,"29":0,"30":7,"31":0,"32":0,"33":0,"34":0,"35":0,"36":0,"37":0,"38":0,"39":0,"40":0,"41":0,"42":0,"43":0,"44":7},"f":{"0":7,"1":3,"2":1,"3":1,"4":1,"5":5,"6":48,"7":5,"8":6,"9":4,"10":0,"11":0,"12":0},"b":{"0":[3,0],"1":[3,0],"2":[7,5,5],"3":[7,5],"4":[7,5],"5":[7,5],"6":[7,5],"7":[2,5],"8":[5,3],"9":[5,3],"10":[7,5]},"meta":{"lastBranch":11,"lastFunction":13,"lastStatement":45,"seen":{"s:1:0:1:Infinity":0,"s:7:26:7:Infinity":1,"f:10:16:10:31":0,"s:11:19:11:Infinity":2,"s:12:16:12:Infinity":3,"s:14:2:20:Infinity":4,"f:14:2:14:18":1,"s:16:6:18:Infinity":5,"b:17:10:17:Infinity:18:10:18:Infinity":0,"b:17:10:17:60:17:60:17:Infinity":1,"s:19:4:19:Infinity":6,"s:22:57:28:Infinity":7,"f:24:4:24:19":2,"s:24:19:24:Infinity":8,"s:30:31:36:Infinity":9,"f:32:4:32:19":3,"s:32:19:32:Infinity":10,"s:39:42:45:Infinity":11,"f:41:4:41:19":4,"s:41:19:41:Infinity":12,"s:47:20:47:Infinity":13,"b:47:20:47:37:47:37:47:50:47:50:47:Infinity":2,"s:48:19:48:Infinity":14,"s:50:22:50:Infinity":15,"b:50:22:50:46:50:46:50:Infinity":3,"s:51:20:51:Infinity":16,"b:51:20:51:46:51:46:51:Infinity":4,"s:52:22:52:Infinity":17,"b:52:22:52:46:52:46:52:Infinity":5,"s:53:20:53:Infinity":18,"b:53:20:53:46:53:46:53:Infinity":6,"s:54:23:56:Infinity":19,"b:55:6:55:Infinity:56:6:56:Infinity":7,"s:58:8:70:Infinity":20,"f:58:20:58:Infinity":5,"s:58:20:68:Infinity":21,"b:60:7:60:21:60:21:60:25":8,"f:60:25:60:30":6,"s:60:37:68:8":22,"s:73:8:82:Infinity":23,"f:73:24:73:38":7,"s:74:22:74:Infinity":24,"b:74:22:74:50:74:50:74:Infinity":9,"s:75:4:81:Infinity":25,"f:76:7:76:12":8,"s:76:19:80:8":26,"f:81:7:81:13":9,"s:81:22:81:37":27,"s:84:28:84:Infinity":28,"b:84:28:84:56:84:56:84:Infinity":10,"f:84:70:84:78":10,"s:84:87:84:99":29,"s:86:8:101:Infinity":30,"f:86:8:86:26":11,"s:87:19:87:Infinity":31,"s:88:17:90:Infinity":32,"f:89:7:89:12":12,"s:89:18:89:74":33,"s:91:16:91:Infinity":34,"s:92:17:92:Infinity":35,"s:93:16:93:Infinity":36,"s:94:14:94:Infinity":37,"s:95:4:95:Infinity":38,"s:96:4:96:Infinity":39,"s:97:4:97:Infinity":40,"s:98:4:98:Infinity":41,"s:99:4:99:Infinity":42,"s:100:4:100:Infinity":43,"s:103:2:118:Infinity":44},"fnNames":{}}}
,"C:\\Users\\fatih\\Desktop\\tamga\\tamga\\dashboard\\app\\(dashboard)\\dashboard\\events\\useEventsPage.ts": {"path":"C:\\Users\\fatih\\Desktop\\tamga\\tamga\\dashboard\\app\\(dashboard)\\dashboard\\events\\useEventsPage.ts","statementMap":{"0":{"start":{"line":1,"column":0},"end":{"line":1,"column":null}},"1":{"start":{"line":10,"column":26},"end":{"line":10,"column":null}},"2":{"start":{"line":22,"column":19},"end":{"line":22,"column":null}},"3":{"start":{"line":23,"column":26},"end":{"line":23,"column":null}},"4":{"start":{"line":24,"column":8},"end":{"line":24,"column":null}},"5":{"start":{"line":25,"column":8},"end":{"line":25,"column":null}},"6":{"start":{"line":26,"column":8},"end":{"line":26,"column":null}},"7":{"start":{"line":28,"column":2},"end":{"line":34,"column":null}},"8":{"start":{"line":30,"column":6},"end":{"line":32,"column":null}},"9":{"start":{"line":33,"column":4},"end":{"line":33,"column":null}},"10":{"start":{"line":37,"column":8},"end":{"line":43,"column":null}},"11":{"start":{"line":37,"column":42},"end":{"line":43,"column":6}},"12":{"start":{"line":39,"column":6},"end":{"line":39,"column":null}},"13":{"start":{"line":45,"column":8},"end":{"line":64,"column":null}},"14":{"start":{"line":47,"column":21},"end":{"line":47,"column":null}},"15":{"start":{"line":48,"column":21},"end":{"line":48,"column":null}},"16":{"start":{"line":50,"column":6},"end":{"line":50,"column":null}},"17":{"start":{"line":51,"column":6},"end":{"line":51,"column":null}},"18":{"start":{"line":51,"column":36},"end":{"line":51,"column":62}},"19":{"start":{"line":53,"column":6},"end":{"line":57,"column":null}},"20":{"start":{"line":54,"column":8},"end":{"line":54,"column":null}},"21":{"start":{"line":56,"column":8},"end":{"line":56,"column":null}},"22":{"start":{"line":59,"column":6},"end":{"line":59,"column":null}},"23":{"start":{"line":61,"column":6},"end":{"line":61,"column":null}},"24":{"start":{"line":66,"column":8},"end":{"line":71,"column":null}},"25":{"start":{"line":67,"column":17},"end":{"line":69,"column":null}},"26":{"start":{"line":68,"column":38},"end":{"line":68,"column":50}},"27":{"start":{"line":70,"column":4},"end":{"line":70,"column":null}},"28":{"start":{"line":73,"column":34},"end":{"line":85,"column":null}},"29":{"start":{"line":76,"column":6},"end":{"line":81,"column":null}},"30":{"start":{"line":87,"column":40},"end":{"line":87,"column":null}},"31":{"start":{"line":90,"column":40},"end":{"line":96,"column":null}},"32":{"start":{"line":92,"column":19},"end":{"line":92,"column":null}},"33":{"start":{"line":98,"column":34},"end":{"line":98,"column":null}},"34":{"start":{"line":99,"column":16},"end":{"line":99,"column":null}},"35":{"start":{"line":100,"column":19},"end":{"line":100,"column":null}},"36":{"start":{"line":102,"column":8},"end":{"line":108,"column":null}},"37":{"start":{"line":103,"column":4},"end":{"line":103,"column":null}},"38":{"start":{"line":105,"column":15},"end":{"line":105,"column":null}},"39":{"start":{"line":107,"column":4},"end":{"line":107,"column":null}},"40":{"start":{"line":111,"column":8},"end":{"line":114,"column":null}},"41":{"start":{"line":113,"column":4},"end":{"line":113,"column":null}},"42":{"start":{"line":116,"column":2},"end":{"line":133,"column":null}}},"fnMap":{"0":{"name":"useEventsPage","decl":{"start":{"line":21,"column":16},"end":{"line":21,"column":32}},"loc":{"start":{"line":21,"column":32},"end":{"line":134,"column":null}},"line":21},"1":{"name":"(anonymous_1)","decl":{"start":{"line":28,"column":2},"end":{"line":28,"column":18}},"loc":{"start":{"line":28,"column":18},"end":{"line":34,"column":5}},"line":28},"2":{"name":"(anonymous_2)","decl":{"start":{"line":37,"column":27},"end":{"line":37,"column":42}},"loc":{"start":{"line":37,"column":42},"end":{"line":43,"column":6}},"line":37},"3":{"name":"(anonymous_3)","decl":{"start":{"
[...]
":2},"end":{"line":67,"column":null}},"type":"if","locations":[{"start":{"line":65,"column":2},"end":{"line":67,"column":null}},{"start":{},"end":{}}],"line":65},"3":{"loc":{"start":{"line":68,"column":2},"end":{"line":70,"column":null}},"type":"if","locations":[{"start":{"line":68,"column":2},"end":{"line":70,"column":null}},{"start":{},"end":{}}],"line":68},"4":{"loc":{"start":{"line":71,"column":2},"end":{"line":73,"column":null}},"type":"if","locations":[{"start":{"line":71,"column":2},"end":{"line":73,"column":null}},{"start":{},"end":{}}],"line":71},"5":{"loc":{"start":{"line":74,"column":2},"end":{"line":76,"column":null}},"type":"if","locations":[{"start":{"line":74,"column":2},"end":{"line":76,"column":null}},{"start":{},"end":{}}],"line":74},"6":{"loc":{"start":{"line":81,"column":22},"end":{"line":81,"column":36}},"type":"binary-expr","locations":[{"start":{"line":81,"column":22},"end":{"line":81,"column":34}},{"start":{"line":81,"column":34},"end":{"line":81,"column":36}}],"line":81},"7":{"loc":{"start":{"line":82,"column":2},"end":{"line":82,"column":null}},"type":"if","locations":[{"start":{"line":82,"column":2},"end":{"line":82,"column":null}},{"start":{},"end":{}}],"line":82},"8":{"loc":{"start":{"line":83,"column":2},"end":{"line":83,"column":null}},"type":"if","locations":[{"start":{"line":83,"column":2},"end":{"line":83,"column":null}},{"start":{},"end":{}}],"line":83},"9":{"loc":{"start":{"line":84,"column":2},"end":{"line":84,"column":null}},"type":"if","locations":[{"start":{"line":84,"column":2},"end":{"line":84,"column":null}},{"start":{},"end":{}}],"line":84},"10":{"loc":{"start":{"line":85,"column":2},"end":{"line":85,"column":null}},"type":"if","locations":[{"start":{"line":85,"column":2},"end":{"line":85,"column":null}},{"start":{},"end":{}}],"line":85},"11":{"loc":{"start":{"line":90,"column":22},"end":{"line":90,"column":36}},"type":"binary-expr","locations":[{"start":{"line":90,"column":22},"end":{"line":90,"column":34}},{"start":{"line":90,"column":34},"end":{"line":90,"column":36}}],"line":90},"12":{"loc":{"start":{"line":91,"column":2},"end":{"line":91,"column":null}},"type":"if","locations":[{"start":{"line":91,"column":2},"end":{"line":91,"column":null}},{"start":{},"end":{}}],"line":91},"13":{"loc":{"start":{"line":92,"column":2},"end":{"line":92,"column":null}},"type":"if","locations":[{"start":{"line":92,"column":2},"end":{"line":92,"column":null}},{"start":{},"end":{}}],"line":92},"14":{"loc":{"start":{"line":93,"column":2},"end":{"line":93,"column":null}},"type":"if","locations":[{"start":{"line":93,"column":2},"end":{"line":93,"column":null}},{"start":{},"end":{}}],"line":93},"15":{"loc":{"start":{"line":94,"column":2},"end":{"line":94,"column":null}},"type":"if","locations":[{"start":{"line":94,"column":2},"end":{"line":94,"column":null}},{"start":{},"end":{}}],"line":94},"16":{"loc":{"start":{"line":99,"column":2},"end":{"line":99,"column":null}},"type":"if","locations":[{"start":{"line":99,"column":2},"end":{"line":99,"column":null}},{"start":{},"end":{}}],"line":99},"17":{"loc":{"start":{"line":99,"column":6},"end":{"line":99,"column":42}},"type":"binary-expr","locations":[{"start":{"line":99,"column":6},"end":{"line":99,"column":19}},{"start":{"line":99,"column":19},"end":{"line":99,"column":42}}],"line":99},"18":{"loc":{"start":{"line":100,"column":41},"end":{"line":100,"column":104}},"type":"cond-expr","locations":[{"start":{"line":100,"column":98},"end":{"line":100,"column":102}},{"start":{"line":100,"column":102},"end":{"line":100,"column":104}}],"line":100},"19":{"loc":{"start":{"line":101,"column":19},"end":{"line":101,"column":42}},"type":"binary-expr","locations":[{"start":{"line":101,"column":19},"end":{"line":101,"column":36}},{"start":{"line":101,"column":36},"end":{"line":101,"column":42}}],"line":101},"20":{"loc":{"start":{"line":105,"column":2},"end":{"line":105,"column":null}},"type":"if","locations":[{"start":{"line":105,"column":2},"end":{"line":105,"column":null}},{"start":{},"end":{}}],"line":105},"21":{"loc":{"start":{"line":111,"column":2},"end":{"line":111,"column":null}},"type":"if","locations":[{"start":{"line":111,"column":2},"end":{"line":111,"column":null}},{"start":{},"end":{}}],"line":111},"22":{"loc":{"start":{"line":112,"column":2},"end":{"line":112,"column":null}},"type":"if","locations":[{"start":{"line":112,"column":2},"end":{"line":112,"column":null}},{"start":{},"end":{}}],"line":112},"23":{"loc":{"start":{"line":113,"column":2},"end":{"line":113,"column":null}},"type":"if","locations":[{"start":{"line":113,"column":2},"end":{"line":113,"column":null}},{"start":{},"end":{}}],"line":113},"24":{"loc":{"start":{"line":118,"column":2},"end":{"line":118,"column":null}},"type":"if","locations":[{"start":{"line":118,"column":2},"end":{"line":118,"column":null}},{"start":{},"end":{}}],"line":118},"25":{"loc":{"start":{"line":120,"column":2},"end":{"line":120,"column":null}},"type":"if","locations":[{"start":{"line":120,"column":2},"end":{"line":120,"column":null}},{"start":{},"end":{}}],"line":120},"26":{"loc":{"start":{"line":125,"column":2},"end":{"line":125,"column":null}},"type":"if","locations":[{"start":{"line":125,"column":2},"end":{"line":125,"column":null}},{"start":{},"end":{}}],"line":125},"27":{"loc":{"start":{"line":126,"column":2},"end":{"line":126,"column":null}},"type":"if","locations":[{"start":{"line":126,"column":2},"end":{"line":126,"column":null}},{"start":{},"end":{}}],"line":126},"28":{"loc":{"start":{"line":127,"column":2},"end":{"line":127,"column":null}},"type":"if","locations":[{"start":{"line":127,"column":2},"end":{"line":127,"column":null}},{"start":{},"end":{}}],"line":127}},"s":{"0":2,"1":2,"2":2,"3":2,"4":2,"5":2,"6":2,"7":2,"8":2,"9":2,"10":2,"11":2,"12":2,"13":2,"14":2,"15":4,"16":0,"17":0,"18":0,"19":0,"20":0,"21":0,"22":0,"23":0,"24":0,"25":0,"26":0,"27":0,"28":0,"29":0,"30":0,"31":0,"32":0,"33":0,"34":0,"35":0,"36":10,"37":10,"38":3,"39":7,"40":1,"41":6,"42":2,"43":4,"44":4,"45":2,"46":3,"47":2,"48":1,"49":2,"50":1,"51":3,"52":2,"53":1,"54":1,"55":1,"56":1,"57":1,"58":1,"59":0,"60":1,"61":1,"62":0,"63":0,"64":0,"65":4,"66":2,"67":2,"68":2,"69":0,"70":2,"71":6,"72":2,"73":4,"74":4,"75":3,"76":1,"77":2},"f":{"0":4,"1":0,"2":0,"3":10,"4":3,"5":2,"6":3,"7":4,"8":6},"b":{"0":[1,3],"1":[0,0],"2":[0,0],"3":[0,0],"4":[0,0],"5":[0,0],"6":[0,0],"7":[0,0],"8":[0,0],"9":[0,0],"10":[0,0],"11":[10,1],"12":[3,7],"13":[1,6],"14":[2,4],"15":[2,2],"16":[2,1],"17":[3,2],"18":[1,1],"19":[1,0],"20":[2,1],"21":[0,1],"22":[1,0],"23":[0,0],"24":[2,2],"25":[0,2],"26":[2,4],"27":[1,3],"28":[1,2]},"meta":{"lastBranch":29,"lastFunction":9,"lastStatement":78,"seen":{"s:4:33:4:Infinity":0,"s:5:31:5:Infinity":1,"s:6:35:6:Infinity":2,"s:7:36:7:Infinity":3,"s:8:41:8:Infinity":4,"s:9:37:9:Infinity":5,"s:11:34:11:Infinity":6,"s:13:29:13:Infinity":7,"s:14:27:14:Infinity":8,"s:15:32:15:Infinity":9,"s:16:32:16:Infinity":10,"s:17:28:17:Infinity":11,"s:18:30:18:Infinity":12,"s:19:31:19:Infinity":13,"s:21:36:28:Infinity":14,"f:59:16:59:48":0,"s:60:2:60:Infinity":15,"b:60:39:60:53:60:53:60:Infinity":0,"f:63:16:63:31":1,"s:64:8:64:Infinity":16,"b:64:26:64:36:64:36:64:38":1,"b:65:2:67:Infinity:undefined:undefined:undefined:undefined":2,"s:65:2:67:Infinity":17,"s:66:4:66:Infinity":18,"b:68:2:70:Infinity:undefined:undefined:undefined:undefined":3,"s:68:2:70:Infinity":19,"s:69:4:69:Infinity":20,"b:71:2:73:Infinity:undefined:undefined:undefined:undefined":4,"s:71:2:73:Infinity":21,"s:72:4:72:Infinity":22,"b:74:2:76:Infinity:undefined:undefined:undefined:undefined":5,"s:74:2:76:Infinity":23,"s:75:4:75:Infinity":24,"s:77:2:77:Infinity":25,"f:80:16:80:33":2,"s:81:8:81:Infinity":26,"b:81:22:81:34:81:34:81:36":6,"b:82:2:82:Infinity:undefined:undefined:undefined:undefined":7,"s:82:2:82:Infinity":27,"s:82:24:82:Infinity":28,"b:83:2:83:Infinity:undefined:undefined:undefined:undefined":8,"s:83:2:83:Infinity":29,"s:83:20:83:Infinity":30,"b:84:2:84:Infinity:undefined:undefined:undefined:undefined":9,"s:84:2:84:Infinity":31,"s:84:22:84:Infinity":32,"b:85:2:85:Infinity:undefined:undefined:undefined:undefined":10,"s:85:2:85:Infinity":33,"s:85:19:85:Infinity":34,"s:86:2:86:Infinity":35,"f:89:16:89:29":3,"s:90:8:90:Infinity":36,"b:90:22:90:34:90:34:90:36":11,"b:91:2:91:Infinity:undefined:undefined:undefined:undefined":12,"s:91:2:91:Infinity":37,"s:91:24:91:Infinity":38,"b:92:2:92:Infinity:undefined:undefined:undefined:undefined":13,"s:92:2:92:Infinity":39,"s:92:20:92:Infinity":40,"b:93:2:93:Infinity:undefined:undefined:undefined:undefined":14,"s:93:2:93:Infinity":41,"s:93:22:93:Infinity":42,"b:94:2:94:Infinity:undefined:undefined:undefined:undefined":15,"s:94:2:94:Infinity":43,"s:94:19:94:Infinity":44,"s:95:2:95:Infinity":45,"f:98:16:98:32":4,"b:99:2:99:Infinity:undefined:undefined:undefined:undefined":16,"s:99:2:99:Infinity":46,"b:99:6:99:19:99:19:99:42":17,"s:99:42:99:Infinity":47,"s:100:14:100:Infinity":48,"f:100:23:100:31":5,"s:100:41:100:104":49,"b:100:98:100:102:100:102:100:104":18,"s:101:2:101:Infinity":50,"b:101:19:101:36:101:36:101:42":19,"f:104:16:104:29":6,"b:105:2:105:Infinity:undefined:undefined:undefined:undefined":20,"s:105:2:105:Infinity":51,"s:105:19:105:Infinity":52,"s:106:15:106:Infinity":53,"s:107:14:107:Infinity":54,"s:108:15:108:Infinity":55,"s:109:14:109:Infinity":56,"s:110:14:110:Infinity":57,"b:111:2:111:Infinity:undefined:undefined:undefined:undefined":21,"s:111:2:111:Infinity":58,"s:111:16:111:Infinity":59,"b:112:2:112:Infinity:undefined:undefined:undefined:undefined":22,"s:112:2:112:Infinity":60,"s:112:18:112:Infinity":61,"b:113:2:113:Infinity:undefined:undefined:undefined:undefined":23,"s:113:2:113:Infinity":62,"s:113:19:113:Infinity":63,"s:114:2:114:Infinity":64,"f:117:16:117:26":7,"b:118:2:118:Infinity:undefined:undefined:undefined:undefined":24,"s:118:2:118:Infinity":65,"s:118:14:118:Infinity":66,"s:119:18:119:Infinity":67,"b:120:2:120:Infinity:undefined:undefined:undefined:undefined":25,"s:120:2:120:Infinity":68,"s:120:27:120:Infinity":69,"s:121:2:121:Infinity":70,"f:124:16:124:31":8,"b:125:2:125:Infinity:undefined:undefined:undefined:undefined":26,"s:125:2:125:Infinity":71,"s:125:22:125:Infinity":72,"b:126:2:126:Infinity:undefined:undefined:undefined:undefined":27,"s:126:2:126:Infinity":73,"s:126:23:126:Infinity":74,"b:127:2:127:Infinity:undefined:undefined:undefined:undefined":28,"s:127:2:127:Infinity":75,"s:127:22:127:Infinity":76,"s:128:2:128:Infinity":77},"fnNames":{}}}
,"C:\\Users\\fatih\\Desktop\\tamga\\tamga\\dashboard\\lib\\utils\\format.ts": {"path":"C:\\Users\\fatih\\Desktop\\tamga\\tamga\\dashboard\\lib\\utils\\format.ts","statementMap":{"0":{"start":{"line":4,"column":12},"end":{"line":4,"column":null}},"1":{"start":{"line":5,"column":12},"end":{"line":5,"column":null}},"2":{"start":{"line":6,"column":12},"end":{"line":6,"column":null}},"3":{"start":{"line":7,"column":26},"end":{"line":7,"column":null}},"4":{"start":{"line":8,"column":2},"end":{"line":8,"column":null}},"5":{"start":{"line":8,"column":13},"end":{"line":8,"column":null}},"6":{"start":{"line":9,"column":2},"end":{"line":9,"column":null}},"7":{"start":{"line":9,"column":13},"end":{"line":9,"column":null}},"8":{"start":{"line":10,"column":2},"end":{"line":10,"column":null}},"9":{"start":{"line":11,"column":2},"end":{"line":11,"column":null}},"10":{"start":{"line":15,"column":2},"end":{"line":15,"column":null}},"11":{"start":{"line":15,"column":11},"end":{"line":15,"column":null}},"12":{"start":{"line":16,"column":14},"end":{"line":16,"column":null}},"13":{"start":{"line":17,"column":15},"end":{"line":17,"column":null}},"14":{"start":{"line":18,"column":2},"end":{"line":18,"column":null}},"15":{"start":{"line":18,"column":16},"end":{"line":18,"column":null}},"16":{"start":{"line":19,"column":2},"end":{"line":19,"column":null}},"17":{"start":{"line":19,"column":17},"end":{"line":19,"column":null}},"18":{"start":{"line":20,"column":14},"end":{"line":20,"column":null}},"19":{"start":{"line":21,"column":2},"end":{"line":21,"column":null}},"20":{"start":{"line":21,"column":16},"end":{"line":21,"column":null}},"21":{"start":{"line":22,"column":2},"end":{"line":22,"column":null}},"22":{"start":{"line":26,"column":2},"end":{"line":26,"column":null}},"23":{"start":{"line":26,"column":18},"end":{"line":26,"column":null}},"24":{"start":{"line":27,"column":2},"end":{"line":27,"column":null}},"25":{"start":{"line":27,"column":16},"end":{"line":27,"column":null}},"26":{"start":{"line":28,"column":2},"end":{"line":28,"column":null}},"27":{"start":{"line":28,"column":14},"end":{"line":28,"column":null}},"28":{"start":{"line":29,"column":2},"end":{"line":29,"column":null}},"29":{"start":{"line":29,"column":17},"end":{"line":29,"column":null}},"30":{"start":{"line":30,"column":2},"end":{"line":30,"column":null}},"31":{"start":{"line":34,"column":2},"end":{"line":34,"column":null}},"32":{"start":{"line":34,"column":20},"end":{"line":34,"column":null}},"33":{"start":{"line":35,"column":2},"end":{"line":35,"column":null}}},"fnMap":{"0":{"name":"formatUptime","decl":{"start":{"line":3,"column":16},"end":{"line":3,"column":29}},"loc":{"start":{"line":3,"column":50},"end":{"line":12,"column":null}},"line":3},"1":{"name":"formatSince","decl":{"start":{"line":14,"column":16},"end":{"line":14,"column":28}},"loc":{"start":{"line":14,"column":67},"end":{"line":23,"column":null}},"line":14},"2":{"name":"formatMs","decl":{"start":{"line":25,"column":16},"end":{"line":25,"column":25}},"loc":{"start":{"line":25,"column":64},"end":{"line":31,"column":null}},"line":25},"3":{"name":"formatRate","decl":{"start":{"line":33,"column":16},"end":{"line":33,"column":27}},"loc":{"start":{"line":33,"column":68},"end":{"line":36,"column":null}},"line":33}},"branchMap":{"0":{"loc":{"start":{"line":8,"column":2},"end":{"line":8,"column":null}},"type":"if","locations":[{"start":{"line":8,"column":2},"end":{"line":8,"column":null}},{"start":{},"end":{}}],"line":8},"1":{"loc":{"start":{"line":9,"column":2},"end":{"line":9,"column":null}},"type":"if","locations":[{"start":{"line":9,"column":2},"end":{"line":9,"column":null}},{"start":{},"end":{}}],"line":9},"2":{"loc":{"start":{"line":15,"column":2},"end":{"line":15,"column":null}},"type":"if","locations":[{"start":{"line":15,"column":2},"end":{"line":15,"column":null}},{"start":{},"end":{}}],"line":15},"3":{"loc":{"start":{"line":18,"column":2},"end":{"line":18,"column":null}},"type":"if","locations":[{"start":{"line":18,"column":2},"end":{"line":18,"column":null}},{"start":{},"end":{}}],"line":18},"4":{"loc":{"start":{"line":19,"column":2},"end":{"line":19,"column":null}},"type":"if","locations":[{"start":{"line":19,"column":2},"end":{"line":19,"column":null}},{"start":{},"end":{}}],"line":19},"5":{"loc":{"start":{"line":21,"column":2},"end":{"line":21,"column":null}},"type":"if","locations":[{"start":{"line":21,"column":2},"end":{"line":21,"column":null}},{"start":{},"end":{}}],"line":21},"6":{"loc":{"start":{"line":26,"column":2},"end":{"line":26,"column":null}},"type":"if","locations":[{"start":{"line":26,"column":2},"end":{"line":26,"column":null}},{"start":{},"end":{}}],"line":26},"7":{"loc":{"start":{"line":27,"column":2},"end":{"line":27,"column":null}},"type":"if","locations":[{"start":{"line":27,"column":2},"end":{"line":27,"column":null}},{"start":{},"end":{}}],"line":27},"8":{"loc":{"start":{"line":28,"column":2},"end":{"line":28,"column":null}},"type":"if","locations":[{"start":{"line":28,"column":2},"end":{"line":28,"column":null}},{"start":{},"end":{}}],"line":28},"9":{"loc":{"start":{"line":29,"column":2},"end":{"line":29,"column":null}},"type":"if","locations":[{"start":{"line":29,"column":2},"end":{"line":29,"column":null}},{"start":{},"end":{}}],"line":29},"10":{"loc":{"start":{"line":34,"column":2},"end":{"line":34,"column":null}},"type":"if","locations":[{"start":{"line":34,"column":2},"end":{"line":34,"column":null}},{"start":{},"end":{}}],"line":34}},"s":{"0":5,"1":5,"2":5,"3":5,"4":5,"5":2,"6":5,"7":2,"8":5,"9":5,"10":7,"11":3,"12":4,"13":4,"14":4,"15":1,"16":3,"17":3,"18":2,"19":2,"20":2,"21":1,"22":7,"23":2,"24":5,"25":1,"26":4,"27":4,"28":3,"29":3,"30":2,"31":5,"32":2,"33":3},"f":{"0":5,"1":7,"2":7,"3":5},"b":{"0":[2,3],"1":[2,3],"2":[3,4],"3":[1,3],"4":[1,2],"5":[1,1],"6":[2,5],"7":[1,4],"8":[1,3],"9":[1,2],"10":[2,3]},"meta":{"lastBranch":11,"lastFunction":4,"lastStatement":34,"seen":{"f:3:16:3:29":0,"s:4:12:4:Infinity":0,"s:5:12:5:Infinity":1,"s:6:12:6:Infinity":2,"s:7:26:7:Infinity":3,"b:8:2:8:Infinity:undefined:undefined:undefined:undefined":0,"s:8:2:8:Infinity":4,"s:8:13:8:Infinity":5,"b:9:2:9:Infinity:undefined:undefined:undefined:undefined":1,"s:9:2:9:Infinity":6,"s:9:13:9:Infinity":7,"s:10:2:10:Infinity":8,"s:11:2:11:Infinity":9,"f:14:16:14:28":1,"b:15:2:15:Infinity:undefined:undefined:undefined:undefined":2,"s:15:2:15:Infinity":10,"s:15:11:15:Infinity":11,"s:16:14:16:Infinity":12,"s:17:15:17:Infinity":13,"b:18:2:18:Infinity:undefined:undefined:undefined:undefined":3,"s:18:2:18:Infinity":14,"s:18:16:18:Infinity":15,"b:19:2:19:Infinity:undefined:undefined:undefined:undefined":4,"s:19:2:19:Infinity":16,"s:19:17:19:Infinity":17,"s:20:14:20:Infinity":18,"b:21:2:21:Infinity:undefined:undefined:undefined:undefined":5,"s:21:2:21:Infinity":19,"s:21:16:21:Infinity":20,"s:22:2:22:Infinity":21,"f:25:16:25:25":2,"b:26:2:26:Infinity:undefined:undefined:undefined:undefined":6,"s:26:2:26:Infinity":22,"s:26:18:26:Infinity":23,"b:27:2:27:Infinity:undefined:undefined:undefined:undefined":7,"s:27:2:27:Infinity":24,"s:27:16:27:Infinity":25,"b:28:2:28:Infinity:undefined:undefined:undefined:undefined":8,"s:28:2:28:Infinity":26,"s:28:14:28:Infinity":27,"b:29:2:29:Infinity:undefined:undefined:undefined:undefined":9,"s:29:2:29:Infinity":28,"s:29:17:29:Infinity":29,"s:30:2:30:Infinity":30,"f:33:16:33:27":3,"b:34:2:34:Infinity:undefined:undefined:undefined:undefined":10,"s:34:2:34:Infinity":31,"s:34:20:34:Infinity":32,"s:35:2:35:Infinity":33},"fnNames":{}}}
,"C:\\Users\\fatih\\Desktop\\tamga\\tamga\\dashboard\\lib\\utils\\tr-string.ts": {"path":"C:\\Users\\fatih\\Desktop\\tamga\\tamga\\dashboard\\lib\\utils\\tr-string.ts","statementMap":{"0":{"start":{"line":33,"column":23},"end":{"line":33,"column":null}},"1":{"start":{"line":34,"column":23},"end":{"line":34,"column":null}},"2":{"start":{"line":38,"column":2},"end":{"line":38,"column":null}},"3":{"start":{"line":43,"column":2},"end":{"line":43,"column":null}},"4":{"start":{"line":48,"column":2},"end":{"line":48,"column":null}},"5":{"start":{"line":53,"column":2},"end":{"line":53,"column":null}},"6":{"start":{"line":58,"column":2},"end":{"line":58,"column":null}}},"fnMap":{"0":{"name":"equalsIgnoreCase","decl":{"start":{"line":37,"column":16},"end":{"line":37,"column":33}},"loc":{"start":{"line":37,"column":64},"end":{"line":39,"column":null}},"line":37},"1":{"name":"toUpperEn","decl":{"start":{"line":42,"column":16},"end":{"line":42,"column":26}},"loc":{"start":{"line":42,"column":45},"end":{"line":44,"column":null}},"line":42},"2":{"name":"toLowerEn","decl":{"start":{"line":47,"column":16},"end":{"line":47,"column":26}},"loc":{"start":{"line":47,"column":45},"end":{"line":49,"column":null}},"line":47},"3":{"name":"toUpperLocale","decl":{"start":{"line":52,"column":16},"end":{"line":52,"column":30}},"loc":{"start":{"line":52,"column":49},"end":{"line":54,"column":null}},"line":52},"4":{"name":"toLowerLocale","decl":{"start":{"line":57,"column":16},"end":{"line":57,"column":30}},"loc":{"start":{"line":57,"column":49},"end":{"line":59,"column":null}},"line":57}},"branchMap":{},"s":{"0":6,"1":6,"2":0,"3":55,"4":82,"5":2,"6":2},"f":{"0":0,"1":55,"2":82,"3":2,"4":2},"b":{},"meta":{"lastBranch":0,"lastFunction":5,"lastStatement":7,"seen":{"s:33:23:33:Infinity":0,"s:34:23:34:Infinity":1,"f:37:16:37:33":0,"s:38:2:38:Infinity":2,"f:42:16:42:26":1,"s:43:2:43:Infinity":3,"f:47:16:47:26":2,"s:48:2:48:Infinity":4,"f:52:16:52:30":3,"s:53:2:53:Infinity":5,"f:57:16:57:30":4,"s:58:2:58:Infinity":6},"fnNames":{}}}
}
